<?xml version="1.0" encoding="UTF-8"?>
<coverage generated="1586250815537" clover="3.2.0">
  <project timestamp="1586250815538" name="All files">
    <metrics statements="139" coveredstatements="114" conditionals="120" coveredconditionals="83" methods="22" coveredmethods="19" elements="281" coveredelements="216" complexity="0" loc="139" ncloc="139" packages="1" files="3" classes="3"/>
    <file name="common.ts" path="/Users/aote/Desktop/react-echarts-draw-mark/src/common.ts">
      <metrics statements="62" coveredstatements="44" conditionals="72" coveredconditionals="46" methods="1" coveredmethods="1"/>
      <line num="2" count="1" type="stmt"/>
      <line num="3" count="1" type="stmt"/>
      <line num="20" count="1" type="stmt"/>
      <line num="24" count="35" type="stmt"/>
      <line num="25" count="35" type="stmt"/>
      <line num="26" count="35" type="stmt"/>
      <line num="27" count="35" type="stmt"/>
      <line num="29" count="4" type="stmt"/>
      <line num="37" count="4" type="stmt"/>
      <line num="39" count="1" type="cond" truecount="1" falsecount="1"/>
      <line num="40" count="0" type="stmt"/>
      <line num="42" count="1" type="stmt"/>
      <line num="46" count="1" type="stmt"/>
      <line num="49" count="8" type="cond" truecount="1" falsecount="1"/>
      <line num="50" count="0" type="stmt"/>
      <line num="52" count="8" type="stmt"/>
      <line num="56" count="8" type="stmt"/>
      <line num="58" count="11" type="cond" truecount="4" falsecount="1"/>
      <line num="59" count="0" type="stmt"/>
      <line num="61" count="11" type="cond" truecount="2" falsecount="0"/>
      <line num="62" count="3" type="stmt"/>
      <line num="64" count="11" type="cond" truecount="4" falsecount="0"/>
      <line num="65" count="1" type="stmt"/>
      <line num="66" count="1" type="stmt"/>
      <line num="67" count="1" type="cond" truecount="1" falsecount="1"/>
      <line num="68" count="1" type="stmt"/>
      <line num="71" count="1" type="stmt"/>
      <line num="74" count="10" type="cond" truecount="4" falsecount="0"/>
      <line num="75" count="1" type="stmt"/>
      <line num="76" count="1" type="stmt"/>
      <line num="77" count="1" type="stmt"/>
      <line num="79" count="9" type="cond" truecount="2" falsecount="2"/>
      <line num="80" count="0" type="stmt"/>
      <line num="81" count="0" type="stmt"/>
      <line num="82" count="0" type="stmt"/>
      <line num="84" count="9" type="stmt"/>
      <line num="85" count="9" type="stmt"/>
      <line num="86" count="9" type="stmt"/>
      <line num="89" count="0" type="cond" truecount="0" falsecount="5"/>
      <line num="90" count="0" type="stmt"/>
      <line num="91" count="0" type="stmt"/>
      <line num="93" count="0" type="stmt"/>
      <line num="95" count="0" type="cond" truecount="0" falsecount="5"/>
      <line num="96" count="0" type="stmt"/>
      <line num="97" count="0" type="cond" truecount="0" falsecount="5"/>
      <line num="98" count="0" type="stmt"/>
      <line num="100" count="0" type="stmt"/>
      <line num="102" count="0" type="stmt"/>
      <line num="104" count="3" type="cond" truecount="5" falsecount="0"/>
      <line num="105" count="2" type="stmt"/>
      <line num="106" count="2" type="cond" truecount="3" falsecount="1"/>
      <line num="107" count="0" type="stmt"/>
      <line num="109" count="2" type="cond" truecount="4" falsecount="0"/>
      <line num="110" count="1" type="stmt"/>
      <line num="112" count="1" type="cond" truecount="3" falsecount="1"/>
      <line num="113" count="0" type="stmt"/>
      <line num="115" count="1" type="stmt"/>
      <line num="116" count="1" type="stmt"/>
      <line num="118" count="2" type="stmt"/>
      <line num="120" count="8" type="stmt"/>
      <line num="124" count="8" type="stmt"/>
      <line num="126" count="35" type="stmt"/>
    </file>
    <file name="index.tsx" path="/Users/aote/Desktop/react-echarts-draw-mark/src/index.tsx">
      <metrics statements="46" coveredstatements="42" conditionals="34" coveredconditionals="24" methods="13" coveredmethods="11"/>
      <line num="1" count="1" type="stmt"/>
      <line num="2" count="1" type="stmt"/>
      <line num="3" count="1" type="stmt"/>
      <line num="4" count="1" type="stmt"/>
      <line num="7" count="1" type="stmt"/>
      <line num="8" count="1" type="stmt"/>
      <line num="10" count="1" type="stmt"/>
      <line num="12" count="76" type="cond" truecount="2" falsecount="2"/>
      <line num="13" count="38" type="stmt"/>
      <line num="15" count="38" type="stmt"/>
      <line num="16" count="8" type="cond" truecount="1" falsecount="1"/>
      <line num="19" count="38" type="stmt"/>
      <line num="20" count="8" type="stmt"/>
      <line num="23" count="38" type="stmt"/>
      <line num="24" count="38" type="stmt"/>
      <line num="26" count="38" type="stmt"/>
      <line num="27" count="38" type="stmt"/>
      <line num="28" count="36" type="cond" truecount="2" falsecount="0"/>
      <line num="29" count="28" type="stmt"/>
      <line num="30" count="28" type="stmt"/>
      <line num="31" count="28" type="stmt"/>
      <line num="32" count="28" type="stmt"/>
      <line num="36" count="25" type="stmt"/>
      <line num="37" count="3" type="cond" truecount="2" falsecount="0"/>
      <line num="38" count="3" type="cond" truecount="2" falsecount="0"/>
      <line num="47" count="25" type="cond" truecount="2" falsecount="0"/>
      <line num="48" count="25" type="stmt"/>
      <line num="49" count="0" type="cond" truecount="0" falsecount="2"/>
      <line num="50" count="0" type="cond" truecount="0" falsecount="2"/>
      <line num="52" count="25" type="stmt"/>
      <line num="87" count="42" type="stmt"/>
      <line num="94" count="0" type="stmt"/>
      <line num="95" count="0" type="stmt"/>
      <line num="105" count="28" type="cond" truecount="2" falsecount="0"/>
      <line num="109" count="38" type="stmt"/>
      <line num="114" count="4" type="stmt"/>
      <line num="117" count="38" type="stmt"/>
      <line num="118" count="1" type="stmt"/>
      <line num="121" count="38" type="stmt"/>
      <line num="122" count="16" type="cond" truecount="2" falsecount="0"/>
      <line num="123" count="8" type="stmt"/>
      <line num="124" count="8" type="cond" truecount="2" falsecount="0"/>
      <line num="128" count="38" type="stmt"/>
      <line num="129" count="14" type="stmt"/>
      <line num="132" count="38" type="stmt"/>
      <line num="145" count="1" type="stmt"/>
    </file>
    <file name="utils.ts" path="/Users/aote/Desktop/react-echarts-draw-mark/src/utils.ts">
      <metrics statements="31" coveredstatements="28" conditionals="14" coveredconditionals="13" methods="8" coveredmethods="7"/>
      <line num="1" count="1" type="stmt"/>
      <line num="4" count="1" type="stmt"/>
      <line num="37" count="1" type="stmt"/>
      <line num="38" count="1" type="stmt"/>
      <line num="39" count="1" type="stmt"/>
      <line num="42" count="1" type="stmt"/>
      <line num="43" count="14" type="cond" truecount="2" falsecount="0"/>
      <line num="44" count="14" type="cond" truecount="2" falsecount="0"/>
      <line num="45" count="14" type="cond" truecount="2" falsecount="0"/>
      <line num="46" count="14" type="cond" truecount="2" falsecount="0"/>
      <line num="47" count="14" type="cond" truecount="2" falsecount="0"/>
      <line num="48" count="14" type="cond" truecount="2" falsecount="0"/>
      <line num="49" count="14" type="stmt"/>
      <line num="52" count="1" type="stmt"/>
      <line num="53" count="1" type="stmt"/>
      <line num="54" count="1" type="stmt"/>
      <line num="55" count="1" type="cond" truecount="1" falsecount="1"/>
      <line num="56" count="0" type="stmt"/>
      <line num="58" count="1" type="stmt"/>
      <line num="61" count="1" type="stmt"/>
      <line num="62" count="1" type="stmt"/>
      <line num="65" count="1" type="stmt"/>
      <line num="66" count="1" type="stmt"/>
      <line num="69" count="1" type="stmt"/>
      <line num="73" count="4" type="stmt"/>
      <line num="82" count="1" type="stmt"/>
      <line num="83" count="2" type="stmt"/>
      <line num="85" count="2" type="stmt"/>
      <line num="97" count="1" type="stmt"/>
      <line num="98" count="0" type="stmt"/>
      <line num="99" count="0" type="stmt"/>
    </file>
  </project>
</coverage>
