{"total": {"lines":{"total":146,"covered":121,"skipped":0,"pct":82.88},"statements":{"total":181,"covered":151,"skipped":0,"pct":83.43},"functions":{"total":25,"covered":22,"skipped":0,"pct":88},"branches":{"total":133,"covered":93,"skipped":0,"pct":69.92}}
,"/Users/aote/Desktop/react-echarts-draw-mark/src/common.ts": {"lines":{"total":62,"covered":44,"skipped":0,"pct":70.97},"functions":{"total":1,"covered":1,"skipped":0,"pct":100},"statements":{"total":70,"covered":52,"skipped":0,"pct":74.29},"branches":{"total":76,"covered":49,"skipped":0,"pct":64.47}}
,"/Users/aote/Desktop/react-echarts-draw-mark/src/index.tsx": {"lines":{"total":53,"covered":49,"skipped":0,"pct":92.45},"functions":{"total":16,"covered":14,"skipped":0,"pct":87.5},"statements":{"total":70,"covered":66,"skipped":0,"pct":94.29},"branches":{"total":43,"covered":31,"skipped":0,"pct":72.09}}
,"/Users/aote/Desktop/react-echarts-draw-mark/src/utils.ts": {"lines":{"total":31,"covered":28,"skipped":0,"pct":90.32},"functions":{"total":8,"covered":7,"skipped":0,"pct":87.5},"statements":{"total":41,"covered":33,"skipped":0,"pct":80.49},"branches":{"total":14,"covered":13,"skipped":0,"pct":92.86}}
}
