{"/Users/aote/Desktop/react-echarts-draw-mark/src/common.ts": {"path":"/Users/aote/Desktop/react-echarts-draw-mark/src/common.ts","statementMap":{"0":{"start":{"line":2,"column":0},"end":{"line":2,"column":57}},"1":{"start":{"line":3,"column":0},"end":{"line":3,"column":27}},"2":{"start":{"line":24,"column":12},"end":{"line":24,"column":16}},"3":{"start":{"line":24,"column":18},"end":{"line":24,"column":26}},"4":{"start":{"line":24,"column":28},"end":{"line":24,"column":40}},"5":{"start":{"line":24,"column":42},"end":{"line":24,"column":54}},"6":{"start":{"line":24,"column":56},"end":{"line":24,"column":65}},"7":{"start":{"line":24,"column":67},"end":{"line":24,"column":80}},"8":{"start":{"line":24,"column":82},"end":{"line":24,"column":87}},"9":{"start":{"line":24,"column":89},"end":{"line":24,"column":93}},"10":{"start":{"line":25,"column":12},"end":{"line":25,"column":21}},"11":{"start":{"line":25,"column":23},"end":{"line":25,"column":31}},"12":{"start":{"line":26,"column":25},"end":{"line":26,"column":44}},"13":{"start":{"line":27,"column":4},"end":{"line":125,"column":null}},"14":{"start":{"line":29,"column":8},"end":{"line":36,"column":10}},"15":{"start":{"line":37,"column":8},"end":{"line":37,"column":14}},"16":{"start":{"line":39,"column":8},"end":{"line":41,"column":null}},"17":{"start":{"line":40,"column":12},"end":{"line":40,"column":18}},"18":{"start":{"line":42,"column":8},"end":{"line":45,"column":10}},"19":{"start":{"line":46,"column":8},"end":{"line":46,"column":14}},"20":{"start":{"line":49,"column":8},"end":{"line":51,"column":null}},"21":{"start":{"line":50,"column":12},"end":{"line":50,"column":18}},"22":{"start":{"line":52,"column":8},"end":{"line":55,"column":10}},"23":{"start":{"line":56,"column":8},"end":{"line":56,"column":14}},"24":{"start":{"line":58,"column":8},"end":{"line":60,"column":null}},"25":{"start":{"line":59,"column":12},"end":{"line":59,"column":18}},"26":{"start":{"line":61,"column":8},"end":{"line":63,"column":null}},"27":{"start":{"line":62,"column":12},"end":{"line":62,"column":48}},"28":{"start":{"line":64,"column":8},"end":{"line":73,"column":null}},"29":{"start":{"line":65,"column":12},"end":{"line":65,"column":66}},"30":{"start":{"line":66,"column":12},"end":{"line":66,"column":62}},"31":{"start":{"line":67,"column":12},"end":{"line":72,"column":null}},"32":{"start":{"line":68,"column":16},"end":{"line":70,"column":18}},"33":{"start":{"line":71,"column":16},"end":{"line":71,"column":22}},"34":{"start":{"line":74,"column":8},"end":{"line":78,"column":null}},"35":{"start":{"line":75,"column":12},"end":{"line":75,"column":37}},"36":{"start":{"line":76,"column":12},"end":{"line":76,"column":37}},"37":{"start":{"line":77,"column":12},"end":{"line":77,"column":18}},"38":{"start":{"line":79,"column":8},"end":{"line":83,"column":null}},"39":{"start":{"line":80,"column":12},"end":{"line":80,"column":37}},"40":{"start":{"line":81,"column":12},"end":{"line":81,"column":37}},"41":{"start":{"line":82,"column":12},"end":{"line":82,"column":18}},"42":{"start":{"line":84,"column":8},"end":{"line":84,"column":44}},"43":{"start":{"line":85,"column":8},"end":{"line":85,"column":33}},"44":{"start":{"line":86,"column":8},"end":{"line":86,"column":14}},"45":{"start":{"line":89,"column":8},"end":{"line":92,"column":null}},"46":{"start":{"line":90,"column":12},"end":{"line":90,"column":80}},"47":{"start":{"line":91,"column":12},"end":{"line":91,"column":37}},"48":{"start":{"line":93,"column":8},"end":{"line":93,"column":14}},"49":{"start":{"line":95,"column":8},"end":{"line":101,"column":null}},"50":{"start":{"line":96,"column":12},"end":{"line":96,"column":91}},"51":{"start":{"line":97,"column":12},"end":{"line":99,"column":null}},"52":{"start":{"line":98,"column":16},"end":{"line":98,"column":83}},"53":{"start":{"line":100,"column":12},"end":{"line":100,"column":37}},"54":{"start":{"line":102,"column":8},"end":{"line":102,"column":14}},"55":{"start":{"line":104,"column":8},"end":{"line":117,"column":null}},"56":{"start":{"line":105,"column":12},"end":{"line":105,"column":72}},"57":{"start":{"line":106,"column":12},"end":{"line":108,"column":null}},"58":{"start":{"line":107,"column":16},"end":{"line":107,"column":104}},"59":{"start":{"line":109,"column":12},"end":{"line":111,"column":null}},"60":{"start":{"line":110,"column":16},"end":{"line":110,"column":22}},"61":{"start":{"line":112,"column":12},"end":{"line":114,"column":null}},"62":{"start":{"line":113,"column":16},"end":{"line":113,"column":22}},"63":{"start":{"line":115,"column":12},"end":{"line":115,"column":37}},"64":{"start":{"line":116,"column":12},"end":{"line":116,"column":37}},"65":{"start":{"line":118,"column":8},"end":{"line":118,"column":14}},"66":{"start":{"line":120,"column":8},"end":{"line":123,"column":10}},"67":{"start":{"line":124,"column":8},"end":{"line":124,"column":14}},"68":{"start":{"line":126,"column":4},"end":{"line":126,"column":19}},"69":{"start":{"line":20,"column":0},"end":{"line":20,"column":16}}},"fnMap":{"0":{"name":"reducer","decl":{"start":{"line":20,"column":16},"end":{"line":20,"column":23}},"loc":{"start":{"line":22,"column":18},"end":{"line":127,"column":1}}}},"branchMap":{"0":{"loc":{"start":{"line":28,"column":4},"end":{"line":37,"column":14}},"type":"switch","locations":[{"start":{"line":28,"column":4},"end":{"line":37,"column":14}},{"start":{"line":38,"column":4},"end":{"line":46,"column":14}},{"start":{"line":48,"column":4},"end":{"line":56,"column":14}},{"start":{"line":57,"column":4},"end":{"line":86,"column":14}},{"start":{"line":88,"column":4},"end":{"line":93,"column":14}},{"start":{"line":94,"column":4},"end":{"line":102,"column":14}},{"start":{"line":103,"column":4},"end":{"line":118,"column":14}},{"start":{"line":119,"column":4},"end":{"line":124,"column":14}}]},"1":{"loc":{"start":{"line":31,"column":39},"end":{"line":31,"column":48}},"type":"cond-expr","locations":[{"start":{"line":31,"column":39},"end":{"line":31,"column":48}},{"start":{"line":31,"column":51},"end":{"line":31,"column":57}}]},"2":{"loc":{"start":{"line":39,"column":8},"end":{"line":41,"column":null}},"type":"if","locations":[{"start":{"line":39,"column":8},"end":{"line":41,"column":null}},{"start":{"line":39,"column":8},"end":{"line":41,"column":null}}]},"3":{"loc":{"start":{"line":49,"column":8},"end":{"line":51,"column":null}},"type":"if","locations":[{"start":{"line":49,"column":8},"end":{"line":51,"column":null}},{"start":{"line":49,"column":8},"end":{"line":51,"column":null}}]},"4":{"loc":{"start":{"line":58,"column":8},"end":{"line":60,"column":null}},"type":"if","locations":[{"start":{"line":58,"column":8},"end":{"line":60,"column":null}},{"start":{"line":58,"column":8},"end":{"line":60,"column":null}}]},"5":{"loc":{"start":{"line":58,"column":12},"end":{"line":58,"column":25}},"type":"binary-expr","locations":[{"start":{"line":58,"column":12},"end":{"line":58,"column":25}},{"start":{"line":58,"column":29},"end":{"line":58,"column":46}},{"start":{"line":58,"column":50},"end":{"line":58,"column":59}}]},"6":{"loc":{"start":{"line":61,"column":8},"end":{"line":63,"column":null}},"type":"if","locations":[{"start":{"line":61,"column":8},"end":{"line":63,"column":null}},{"start":{"line":61,"column":8},"end":{"line":63,"column":null}}]},"7":{"loc":{"start":{"line":64,"column":8},"end":{"line":73,"column":null}},"type":"if","locations":[{"start":{"line":64,"column":8},"end":{"line":73,"column":null}},{"start":{"line":64,"column":8},"end":{"line":73,"column":null}}]},"8":{"loc":{"start":{"line":64,"column":12},"end":{"line":64,"column":43}},"type":"binary-expr","locations":[{"start":{"line":64,"column":12},"end":{"line":64,"column":43}},{"start":{"line":64,"column":47},"end":{"line":64,"column":78}}]},"9":{"loc":{"start":{"line":67,"column":12},"end":{"line":72,"column":null}},"type":"if","locations":[{"start":{"line":67,"column":12},"end":{"line":72,"column":null}},{"start":{"line":67,"column":12},"end":{"line":72,"column":null}}]},"10":{"loc":{"start":{"line":74,"column":8},"end":{"line":78,"column":null}},"type":"if","locations":[{"start":{"line":74,"column":8},"end":{"line":78,"column":null}},{"start":{"line":74,"column":8},"end":{"line":78,"column":null}}]},"11":{"loc":{"start":{"line":74,"column":12},"end":{"line":74,"column":41}},"type":"binary-expr","locations":[{"start":{"line":74,"column":12},"end":{"line":74,"column":41}},{"start":{"line":74,"column":45},"end":{"line":74,"column":76}}]},"12":{"loc":{"start":{"line":79,"column":8},"end":{"line":83,"column":null}},"type":"if","locations":[{"start":{"line":79,"column":8},"end":{"line":83,"column":null}},{"start":{"line":79,"column":8},"end":{"line":83,"column":null}}]},"13":{"loc":{"start":{"line":79,"column":12},"end":{"line":79,"column":41}},"type":"binary-expr","locations":[{"start":{"line":79,"column":12},"end":{"line":79,"column":41}},{"start":{"line":79,"column":45},"end":{"line":79,"column":76}}]},"14":{"loc":{"start":{"line":89,"column":8},"end":{"line":92,"column":null}},"type":"if","locations":[{"start":{"line":89,"column":8},"end":{"line":92,"column":null}},{"start":{"line":89,"column":8},"end":{"line":92,"column":null}}]},"15":{"loc":{"start":{"line":89,"column":12},"end":{"line":89,"column":24}},"type":"binary-expr","locations":[{"start":{"line":89,"column":12},"end":{"line":89,"column":24}},{"start":{"line":89,"column":28},"end":{"line":89,"column":46}},{"start":{"line":89,"column":50},"end":{"line":89,"column":81}}]},"16":{"loc":{"start":{"line":95,"column":8},"end":{"line":101,"column":null}},"type":"if","locations":[{"start":{"line":95,"column":8},"end":{"line":101,"column":null}},{"start":{"line":95,"column":8},"end":{"line":101,"column":null}}]},"17":{"loc":{"start":{"line":95,"column":12},"end":{"line":95,"column":24}},"type":"binary-expr","locations":[{"start":{"line":95,"column":12},"end":{"line":95,"column":24}},{"start":{"line":95,"column":28},"end":{"line":95,"column":59}},{"start":{"line":95,"column":63},"end":{"line":95,"column":96}}]},"18":{"loc":{"start":{"line":97,"column":12},"end":{"line":99,"column":null}},"type":"if","locations":[{"start":{"line":97,"column":12},"end":{"line":99,"column":null}},{"start":{"line":97,"column":12},"end":{"line":99,"column":null}}]},"19":{"loc":{"start":{"line":97,"column":16},"end":{"line":97,"column":47}},"type":"binary-expr","locations":[{"start":{"line":97,"column":16},"end":{"line":97,"column":47}},{"start":{"line":97,"column":51},"end":{"line":97,"column":68}},{"start":{"line":97,"column":72},"end":{"line":97,"column":128}}]},"20":{"loc":{"start":{"line":104,"column":8},"end":{"line":117,"column":null}},"type":"if","locations":[{"start":{"line":104,"column":8},"end":{"line":117,"column":null}},{"start":{"line":104,"column":8},"end":{"line":117,"column":null}}]},"21":{"loc":{"start":{"line":104,"column":12},"end":{"line":104,"column":24}},"type":"binary-expr","locations":[{"start":{"line":104,"column":12},"end":{"line":104,"column":24}},{"start":{"line":104,"column":28},"end":{"line":104,"column":46}},{"start":{"line":104,"column":50},"end":{"line":104,"column":81}}]},"22":{"loc":{"start":{"line":106,"column":12},"end":{"line":108,"column":null}},"type":"if","locations":[{"start":{"line":106,"column":12},"end":{"line":108,"column":null}},{"start":{"line":106,"column":12},"end":{"line":108,"column":null}}]},"23":{"loc":{"start":{"line":106,"column":16},"end":{"line":106,"column":47}},"type":"binary-expr","locations":[{"start":{"line":106,"column":16},"end":{"line":106,"column":47}},{"start":{"line":106,"column":51},"end":{"line":106,"column":82}}]},"24":{"loc":{"start":{"line":109,"column":12},"end":{"line":111,"column":null}},"type":"if","locations":[{"start":{"line":109,"column":12},"end":{"line":111,"column":null}},{"start":{"line":109,"column":12},"end":{"line":111,"column":null}}]},"25":{"loc":{"start":{"line":109,"column":16},"end":{"line":109,"column":47}},"type":"binary-expr","locations":[{"start":{"line":109,"column":16},"end":{"line":109,"column":47}},{"start":{"line":109,"column":51},"end":{"line":109,"column":83}}]},"26":{"loc":{"start":{"line":112,"column":12},"end":{"line":114,"column":null}},"type":"if","locations":[{"start":{"line":112,"column":12},"end":{"line":114,"column":null}},{"start":{"line":112,"column":12},"end":{"line":114,"column":null}}]},"27":{"loc":{"start":{"line":112,"column":16},"end":{"line":112,"column":44}},"type":"binary-expr","locations":[{"start":{"line":112,"column":16},"end":{"line":112,"column":44}},{"start":{"line":112,"column":48},"end":{"line":112,"column":79}}]},"28":{"loc":{"start":{"line":121,"column":97},"end":{"line":121,"column":98}},"type":"cond-expr","locations":[{"start":{"line":121,"column":97},"end":{"line":121,"column":98}},{"start":{"line":121,"column":101},"end":{"line":121,"column":113}}]},"29":{"loc":{"start":{"line":121,"column":22},"end":{"line":121,"column":35}},"type":"binary-expr","locations":[{"start":{"line":121,"column":22},"end":{"line":121,"column":35}},{"start":{"line":121,"column":39},"end":{"line":121,"column":55}},{"start":{"line":121,"column":59},"end":{"line":121,"column":94}}]}},"s":{"0":1,"1":1,"2":35,"3":35,"4":35,"5":35,"6":35,"7":35,"8":35,"9":35,"10":35,"11":35,"12":35,"13":35,"14":4,"15":4,"16":1,"17":0,"18":1,"19":1,"20":8,"21":0,"22":8,"23":8,"24":11,"25":0,"26":11,"27":3,"28":11,"29":1,"30":1,"31":1,"32":1,"33":1,"34":10,"35":1,"36":1,"37":1,"38":9,"39":0,"40":0,"41":0,"42":9,"43":9,"44":9,"45":0,"46":0,"47":0,"48":0,"49":0,"50":0,"51":0,"52":0,"53":0,"54":0,"55":3,"56":2,"57":2,"58":0,"59":2,"60":1,"61":1,"62":0,"63":1,"64":1,"65":2,"66":8,"67":8,"68":35,"69":1},"f":{"0":35},"b":{"0":[4,1,8,11,0,0,3,8],"1":[4,0],"2":[0,1],"3":[0,8],"4":[0,11],"5":[11,11,11],"6":[3,8],"7":[1,10],"8":[11,6],"9":[1,0],"10":[1,9],"11":[10,2],"12":[0,9],"13":[9,0],"14":[0,0],"15":[0,0,0],"16":[0,0],"17":[0,0,0],"18":[0,0],"19":[0,0,0],"20":[2,1],"21":[3,3,2],"22":[0,2],"23":[2,1],"24":[1,1],"25":[2,1],"26":[0,1],"27":[1,1],"28":[7,1],"29":[8,2,2]}}
,"/Users/aote/Desktop/react-echarts-draw-mark/src/index.tsx": {"path":"/Users/aote/Desktop/react-echarts-draw-mark/src/index.tsx","statementMap":{"0":{"start":{"line":1,"column":0},"end":{"line":1,"column":63}},"1":{"start":{"line":2,"column":0},"end":{"line":2,"column":45}},"2":{"start":{"line":3,"column":0},"end":{"line":3,"column":27}},"3":{"start":{"line":4,"column":0},"end":{"line":4,"column":30}},"4":{"start":{"line":7,"column":0},"end":{"line":7,"column":70}},"5":{"start":{"line":8,"column":0},"end":{"line":8,"column":35}},"6":{"start":{"line":10,"column":20},"end":{"line":10,"column":22}},"7":{"start":{"line":12,"column":35},"end":{"line":144,"column":1}},"8":{"start":{"line":12,"column":38},"end":{"line":12,"column":46}},"9":{"start":{"line":12,"column":48},"end":{"line":12,"column":55}},"10":{"start":{"line":12,"column":57},"end":{"line":12,"column":65}},"11":{"start":{"line":12,"column":67},"end":{"line":12,"column":83}},"12":{"start":{"line":12,"column":85},"end":{"line":12,"column":90}},"13":{"start":{"line":12,"column":92},"end":{"line":12,"column":105}},"14":{"start":{"line":13,"column":10},"end":{"line":13,"column":11}},"15":{"start":{"line":13,"column":11},"end":{"line":13,"column":15}},"16":{"start":{"line":13,"column":17},"end":{"line":13,"column":83}},"17":{"start":{"line":15,"column":4},"end":{"line":17,"column":16}},"18":{"start":{"line":16,"column":8},"end":{"line":16,"column":91}},"19":{"start":{"line":19,"column":4},"end":{"line":21,"column":19}},"20":{"start":{"line":20,"column":8},"end":{"line":20,"column":70}},"21":{"start":{"line":23,"column":4},"end":{"line":23,"column":50}},"22":{"start":{"line":24,"column":4},"end":{"line":24,"column":50}},"23":{"start":{"line":26,"column":10},"end":{"line":26,"column":11}},"24":{"start":{"line":26,"column":11},"end":{"line":26,"column":18}},"25":{"start":{"line":26,"column":20},"end":{"line":26,"column":61}},"26":{"start":{"line":27,"column":4},"end":{"line":107,"column":15}},"27":{"start":{"line":28,"column":8},"end":{"line":106,"column":null}},"28":{"start":{"line":29,"column":29},"end":{"line":29,"column":81}},"29":{"start":{"line":30,"column":20},"end":{"line":30,"column":29}},"30":{"start":{"line":30,"column":31},"end":{"line":30,"column":39}},"31":{"start":{"line":31,"column":34},"end":{"line":31,"column":53}},"32":{"start":{"line":32,"column":12},"end":{"line":104,"column":21}},"33":{"start":{"line":36,"column":48},"end":{"line":46,"column":25}},"34":{"start":{"line":37,"column":43},"end":{"line":37,"column":120}},"35":{"start":{"line":38,"column":28},"end":{"line":45,"column":37}},"36":{"start":{"line":47,"column":30},"end":{"line":47,"column":31}},"37":{"start":{"line":47,"column":31},"end":{"line":47,"column":32}},"38":{"start":{"line":47,"column":32},"end":{"line":47,"column":38}},"39":{"start":{"line":47,"column":40},"end":{"line":47,"column":46}},"40":{"start":{"line":47,"column":49},"end":{"line":47,"column":50}},"41":{"start":{"line":47,"column":50},"end":{"line":47,"column":54}},"42":{"start":{"line":47,"column":56},"end":{"line":47,"column":61}},"43":{"start":{"line":48,"column":49},"end":{"line":51,"column":25}},"44":{"start":{"line":49,"column":42},"end":{"line":49,"column":109}},"45":{"start":{"line":50,"column":28},"end":{"line":50,"column":59}},"46":{"start":{"line":52,"column":24},"end":{"line":83,"column":26}},"47":{"start":{"line":87,"column":24},"end":{"line":102,"column":26}},"48":{"start":{"line":94,"column":49},"end":{"line":94,"column":96}},"49":{"start":{"line":95,"column":32},"end":{"line":99,"column":35}},"50":{"start":{"line":105,"column":12},"end":{"line":105,"column":39}},"51":{"start":{"line":109,"column":24},"end":{"line":115,"column":5}},"52":{"start":{"line":114,"column":8},"end":{"line":114,"column":103}},"53":{"start":{"line":117,"column":24},"end":{"line":119,"column":5}},"54":{"start":{"line":118,"column":8},"end":{"line":118,"column":57}},"55":{"start":{"line":121,"column":4},"end":{"line":126,"column":18}},"56":{"start":{"line":122,"column":8},"end":{"line":125,"column":null}},"57":{"start":{"line":123,"column":12},"end":{"line":123,"column":84}},"58":{"start":{"line":124,"column":12},"end":{"line":124,"column":61}},"59":{"start":{"line":128,"column":23},"end":{"line":130,"column":6}},"60":{"start":{"line":129,"column":8},"end":{"line":129,"column":43}},"61":{"start":{"line":132,"column":4},"end":{"line":143,"column":11}},"62":{"start":{"line":145,"column":0},"end":{"line":145,"column":25}}},"fnMap":{"0":{"name":"(anonymous_4)","decl":{"start":{"line":12,"column":35},"end":{"line":12,"column":36}},"loc":{"start":{"line":12,"column":114},"end":{"line":144,"column":1}}},"1":{"name":"(anonymous_5)","decl":{"start":{"line":15,"column":14},"end":{"line":15,"column":null}},"loc":{"start":{"line":15,"column":14},"end":{"line":17,"column":5}}},"2":{"name":"(anonymous_6)","decl":{"start":{"line":19,"column":14},"end":{"line":19,"column":null}},"loc":{"start":{"line":19,"column":14},"end":{"line":21,"column":5}}},"3":{"name":"(anonymous_7)","decl":{"start":{"line":27,"column":14},"end":{"line":27,"column":null}},"loc":{"start":{"line":27,"column":14},"end":{"line":107,"column":5}}},"4":{"name":"(anonymous_8)","decl":{"start":{"line":35,"column":20},"end":{"line":35,"column":21}},"loc":{"start":{"line":35,"column":47},"end":{"line":84,"column":21}}},"5":{"name":"(anonymous_9)","decl":{"start":{"line":36,"column":48},"end":{"line":36,"column":null}},"loc":{"start":{"line":36,"column":48},"end":{"line":46,"column":25}}},"6":{"name":"(anonymous_10)","decl":{"start":{"line":48,"column":49},"end":{"line":48,"column":null}},"loc":{"start":{"line":48,"column":49},"end":{"line":51,"column":25}}},"7":{"name":"(anonymous_11)","decl":{"start":{"line":86,"column":20},"end":{"line":86,"column":21}},"loc":{"start":{"line":86,"column":52},"end":{"line":103,"column":21}}},"8":{"name":"(anonymous_12)","decl":{"start":{"line":93,"column":58},"end":{"line":93,"column":79}},"loc":{"start":{"line":93,"column":96},"end":{"line":100,"column":29}}},"9":{"name":"(anonymous_13)","decl":{"start":{"line":109,"column":24},"end":{"line":109,"column":25}},"loc":{"start":{"line":113,"column":5},"end":{"line":115,"column":5}}},"10":{"name":"(anonymous_14)","decl":{"start":{"line":117,"column":24},"end":{"line":117,"column":25}},"loc":{"start":{"line":117,"column":45},"end":{"line":119,"column":5}}},"11":{"name":"(anonymous_15)","decl":{"start":{"line":121,"column":14},"end":{"line":121,"column":null}},"loc":{"start":{"line":121,"column":14},"end":{"line":126,"column":5}}},"12":{"name":"(anonymous_16)","decl":{"start":{"line":128,"column":31},"end":{"line":128,"column":32}},"loc":{"start":{"line":128,"column":62},"end":{"line":130,"column":5}}}},"branchMap":{"0":{"loc":{"start":{"line":12,"column":67},"end":{"line":12,"column":83}},"type":"cond-expr","locations":[{"start":{"line":12,"column":67},"end":{"line":12,"column":83}},{"start":{"line":12,"column":67},"end":{"line":12,"column":83}}]},"1":{"loc":{"start":{"line":12,"column":92},"end":{"line":12,"column":105}},"type":"cond-expr","locations":[{"start":{"line":12,"column":92},"end":{"line":12,"column":105}},{"start":{"line":12,"column":92},"end":{"line":12,"column":105}}]},"2":{"loc":{"start":{"line":16,"column":8},"end":{"line":16,"column":39}},"type":"binary-expr","locations":[{"start":{"line":16,"column":8},"end":{"line":16,"column":39}},{"start":{"line":16,"column":43},"end":{"line":16,"column":90}}]},"3":{"loc":{"start":{"line":28,"column":8},"end":{"line":106,"column":null}},"type":"if","locations":[{"start":{"line":28,"column":8},"end":{"line":106,"column":null}},{"start":{"line":28,"column":8},"end":{"line":106,"column":null}}]},"4":{"loc":{"start":{"line":37,"column":61},"end":{"line":37,"column":113}},"type":"cond-expr","locations":[{"start":{"line":37,"column":61},"end":{"line":37,"column":113}},{"start":{"line":37,"column":116},"end":{"line":37,"column":120}}]},"5":{"loc":{"start":{"line":38,"column":44},"end":{"line":45,"column":30}},"type":"cond-expr","locations":[{"start":{"line":38,"column":44},"end":{"line":45,"column":30}},{"start":{"line":45,"column":32},"end":{"line":45,"column":36}}]},"6":{"loc":{"start":{"line":47,"column":30},"end":{"line":47,"column":31}},"type":"cond-expr","locations":[{"start":{"line":47,"column":30},"end":{"line":47,"column":31}},{"start":{"line":47,"column":30},"end":{"line":47,"column":31}}]},"7":{"loc":{"start":{"line":49,"column":60},"end":{"line":49,"column":102}},"type":"cond-expr","locations":[{"start":{"line":49,"column":60},"end":{"line":49,"column":102}},{"start":{"line":49,"column":105},"end":{"line":49,"column":109}}]},"8":{"loc":{"start":{"line":50,"column":43},"end":{"line":50,"column":52}},"type":"cond-expr","locations":[{"start":{"line":50,"column":43},"end":{"line":50,"column":52}},{"start":{"line":50,"column":54},"end":{"line":50,"column":58}}]},"9":{"loc":{"start":{"line":54,"column":61},"end":{"line":54,"column":72}},"type":"cond-expr","locations":[{"start":{"line":54,"column":61},"end":{"line":54,"column":72}},{"start":{"line":54,"column":75},"end":{"line":54,"column":76}}]},"10":{"loc":{"start":{"line":63,"column":39},"end":{"line":63,"column":60}},"type":"binary-expr","locations":[{"start":{"line":63,"column":39},"end":{"line":63,"column":60}},{"start":{"line":63,"column":64},"end":{"line":70,"column":null}}]},"11":{"loc":{"start":{"line":67,"column":66},"end":{"line":67,"column":129}},"type":"cond-expr","locations":[{"start":{"line":67,"column":66},"end":{"line":67,"column":129}},{"start":{"line":67,"column":132},"end":{"line":67,"column":195}}]},"12":{"loc":{"start":{"line":71,"column":38},"end":{"line":71,"column":59}},"type":"binary-expr","locations":[{"start":{"line":71,"column":38},"end":{"line":71,"column":59}},{"start":{"line":71,"column":63},"end":{"line":81,"column":null}}]},"13":{"loc":{"start":{"line":85,"column":41},"end":{"line":103,"column":22}},"type":"cond-expr","locations":[{"start":{"line":85,"column":41},"end":{"line":103,"column":22}},{"start":{"line":103,"column":25},"end":{"line":103,"column":29}}]},"14":{"loc":{"start":{"line":105,"column":12},"end":{"line":105,"column":20}},"type":"binary-expr","locations":[{"start":{"line":105,"column":12},"end":{"line":105,"column":20}},{"start":{"line":105,"column":24},"end":{"line":105,"column":38}}]},"15":{"loc":{"start":{"line":122,"column":8},"end":{"line":125,"column":null}},"type":"if","locations":[{"start":{"line":122,"column":8},"end":{"line":125,"column":null}},{"start":{"line":122,"column":8},"end":{"line":125,"column":null}}]},"16":{"loc":{"start":{"line":124,"column":12},"end":{"line":124,"column":19}},"type":"binary-expr","locations":[{"start":{"line":124,"column":12},"end":{"line":124,"column":19}},{"start":{"line":124,"column":23},"end":{"line":124,"column":60}}]}},"s":{"0":1,"1":1,"2":1,"3":1,"4":1,"5":1,"6":1,"7":1,"8":38,"9":38,"10":38,"11":76,"12":38,"13":76,"14":38,"15":38,"16":38,"17":38,"18":8,"19":38,"20":8,"21":38,"22":38,"23":38,"24":38,"25":38,"26":38,"27":36,"28":28,"29":28,"30":28,"31":28,"32":28,"33":25,"34":3,"35":3,"36":25,"37":25,"38":25,"39":25,"40":25,"41":25,"42":25,"43":25,"44":0,"45":0,"46":25,"47":42,"48":0,"49":0,"50":28,"51":38,"52":4,"53":38,"54":1,"55":38,"56":16,"57":8,"58":8,"59":38,"60":14,"61":38,"62":1},"f":{"0":38,"1":8,"2":8,"3":36,"4":25,"5":3,"6":0,"7":42,"8":0,"9":4,"10":1,"11":16,"12":14},"b":{"0":[38,0],"1":[38,0],"2":[8,0],"3":[28,8],"4":[2,1],"5":[2,1],"6":[40,31],"7":[0,0],"8":[0,0],"9":[21,4],"10":[25,0],"11":[0,0],"12":[25,3],"13":[21,7],"14":[28,26],"15":[8,8],"16":[8,6]}}
,"/Users/aote/Desktop/react-echarts-draw-mark/src/utils.ts": {"path":"/Users/aote/Desktop/react-echarts-draw-mark/src/utils.ts","statementMap":{"0":{"start":{"line":1,"column":0},"end":{"line":1,"column":27}},"1":{"start":{"line":4,"column":13},"end":{"line":35,"column":2}},"2":{"start":{"line":37,"column":13},"end":{"line":40,"column":2}},"3":{"start":{"line":38,"column":14},"end":{"line":38,"column":100}},"4":{"start":{"line":39,"column":4},"end":{"line":39,"column":13}},"5":{"start":{"line":42,"column":13},"end":{"line":50,"column":2}},"6":{"start":{"line":43,"column":20},"end":{"line":43,"column":46}},"7":{"start":{"line":44,"column":20},"end":{"line":44,"column":46}},"8":{"start":{"line":45,"column":24},"end":{"line":45,"column":56}},"9":{"start":{"line":46,"column":25},"end":{"line":46,"column":58}},"10":{"start":{"line":47,"column":14},"end":{"line":47,"column":40}},"11":{"start":{"line":48,"column":14},"end":{"line":48,"column":41}},"12":{"start":{"line":49,"column":4},"end":{"line":49,"column":18}},"13":{"start":{"line":52,"column":13},"end":{"line":59,"column":2}},"14":{"start":{"line":53,"column":24},"end":{"line":53,"column":28}},"15":{"start":{"line":54,"column":21},"end":{"line":54,"column":62}},"16":{"start":{"line":55,"column":4},"end":{"line":57,"column":null}},"17":{"start":{"line":56,"column":8},"end":{"line":56,"column":31}},"18":{"start":{"line":58,"column":4},"end":{"line":58,"column":23}},"19":{"start":{"line":61,"column":13},"end":{"line":63,"column":2}},"20":{"start":{"line":62,"column":4},"end":{"line":62,"column":54}},"21":{"start":{"line":65,"column":13},"end":{"line":67,"column":2}},"22":{"start":{"line":66,"column":4},"end":{"line":66,"column":77}},"23":{"start":{"line":69,"column":13},"end":{"line":80,"column":2}},"24":{"start":{"line":73,"column":4},"end":{"line":79,"column":6}},"25":{"start":{"line":82,"column":13},"end":{"line":95,"column":2}},"26":{"start":{"line":83,"column":11},"end":{"line":83,"column":12}},"27":{"start":{"line":83,"column":12},"end":{"line":83,"column":18}},"28":{"start":{"line":83,"column":20},"end":{"line":83,"column":26}},"29":{"start":{"line":83,"column":29},"end":{"line":83,"column":30}},"30":{"start":{"line":83,"column":30},"end":{"line":83,"column":34}},"31":{"start":{"line":83,"column":36},"end":{"line":83,"column":41}},"32":{"start":{"line":85,"column":4},"end":{"line":94,"column":6}},"33":{"start":{"line":97,"column":13},"end":{"line":100,"column":2}},"34":{"start":{"line":98,"column":11},"end":{"line":98,"column":12}},"35":{"start":{"line":98,"column":12},"end":{"line":98,"column":18}},"36":{"start":{"line":98,"column":20},"end":{"line":98,"column":26}},"37":{"start":{"line":98,"column":29},"end":{"line":98,"column":30}},"38":{"start":{"line":98,"column":30},"end":{"line":98,"column":34}},"39":{"start":{"line":98,"column":36},"end":{"line":98,"column":41}},"40":{"start":{"line":99,"column":4},"end":{"line":99,"column":56}}},"fnMap":{"0":{"name":"(anonymous_1)","decl":{"start":{"line":37,"column":27},"end":{"line":37,"column":28}},"loc":{"start":{"line":37,"column":60},"end":{"line":40,"column":1}}},"1":{"name":"(anonymous_2)","decl":{"start":{"line":42,"column":24},"end":{"line":42,"column":25}},"loc":{"start":{"line":42,"column":57},"end":{"line":50,"column":1}}},"2":{"name":"(anonymous_3)","decl":{"start":{"line":52,"column":24},"end":{"line":52,"column":25}},"loc":{"start":{"line":52,"column":69},"end":{"line":59,"column":1}}},"3":{"name":"(anonymous_4)","decl":{"start":{"line":61,"column":23},"end":{"line":61,"column":24}},"loc":{"start":{"line":61,"column":40},"end":{"line":63,"column":1}}},"4":{"name":"(anonymous_5)","decl":{"start":{"line":65,"column":24},"end":{"line":65,"column":25}},"loc":{"start":{"line":65,"column":41},"end":{"line":67,"column":1}}},"5":{"name":"(anonymous_6)","decl":{"start":{"line":69,"column":27},"end":{"line":69,"column":28}},"loc":{"start":{"line":72,"column":17},"end":{"line":80,"column":1}}},"6":{"name":"(anonymous_7)","decl":{"start":{"line":82,"column":24},"end":{"line":82,"column":25}},"loc":{"start":{"line":82,"column":66},"end":{"line":95,"column":1}}},"7":{"name":"(anonymous_8)","decl":{"start":{"line":97,"column":24},"end":{"line":97,"column":25}},"loc":{"start":{"line":97,"column":47},"end":{"line":100,"column":1}}}},"branchMap":{"0":{"loc":{"start":{"line":43,"column":20},"end":{"line":43,"column":41}},"type":"binary-expr","locations":[{"start":{"line":43,"column":20},"end":{"line":43,"column":41}},{"start":{"line":43,"column":45},"end":{"line":43,"column":46}}]},"1":{"loc":{"start":{"line":44,"column":20},"end":{"line":44,"column":41}},"type":"binary-expr","locations":[{"start":{"line":44,"column":20},"end":{"line":44,"column":41}},{"start":{"line":44,"column":45},"end":{"line":44,"column":46}}]},"2":{"loc":{"start":{"line":45,"column":24},"end":{"line":45,"column":51}},"type":"binary-expr","locations":[{"start":{"line":45,"column":24},"end":{"line":45,"column":51}},{"start":{"line":45,"column":55},"end":{"line":45,"column":56}}]},"3":{"loc":{"start":{"line":46,"column":25},"end":{"line":46,"column":53}},"type":"binary-expr","locations":[{"start":{"line":46,"column":25},"end":{"line":46,"column":53}},{"start":{"line":46,"column":57},"end":{"line":46,"column":58}}]},"4":{"loc":{"start":{"line":47,"column":14},"end":{"line":47,"column":35}},"type":"binary-expr","locations":[{"start":{"line":47,"column":14},"end":{"line":47,"column":35}},{"start":{"line":47,"column":39},"end":{"line":47,"column":40}}]},"5":{"loc":{"start":{"line":48,"column":14},"end":{"line":48,"column":36}},"type":"binary-expr","locations":[{"start":{"line":48,"column":14},"end":{"line":48,"column":36}},{"start":{"line":48,"column":40},"end":{"line":48,"column":41}}]},"6":{"loc":{"start":{"line":55,"column":4},"end":{"line":57,"column":null}},"type":"if","locations":[{"start":{"line":55,"column":4},"end":{"line":57,"column":null}},{"start":{"line":55,"column":4},"end":{"line":57,"column":null}}]}},"s":{"0":1,"1":1,"2":1,"3":1,"4":1,"5":1,"6":14,"7":14,"8":14,"9":14,"10":14,"11":14,"12":14,"13":1,"14":1,"15":1,"16":1,"17":0,"18":1,"19":1,"20":1,"21":1,"22":1,"23":1,"24":4,"25":1,"26":2,"27":2,"28":2,"29":2,"30":2,"31":2,"32":2,"33":1,"34":0,"35":0,"36":0,"37":0,"38":0,"39":0,"40":0},"f":{"0":1,"1":14,"2":1,"3":1,"4":1,"5":4,"6":2,"7":0},"b":{"0":[14,14],"1":[14,14],"2":[14,14],"3":[14,14],"4":[14,14],"5":[14,14],"6":[0,1]}}
}
