{"/Users/aote/Desktop/react-echarts-draw-mark/src/ common.ts": {"path":"/Users/aote/Desktop/react-echarts-draw-mark/src/ common.ts","statementMap":{"0":{"start":{"line":2,"column":0},"end":{"line":2,"column":56}},"1":{"start":{"line":3,"column":0},"end":{"line":3,"column":26}},"2":{"start":{"line":20,"column":12},"end":{"line":20,"column":16}},"3":{"start":{"line":20,"column":18},"end":{"line":20,"column":26}},"4":{"start":{"line":20,"column":28},"end":{"line":20,"column":40}},"5":{"start":{"line":20,"column":42},"end":{"line":20,"column":54}},"6":{"start":{"line":20,"column":56},"end":{"line":20,"column":65}},"7":{"start":{"line":20,"column":67},"end":{"line":20,"column":80}},"8":{"start":{"line":20,"column":82},"end":{"line":20,"column":87}},"9":{"start":{"line":20,"column":89},"end":{"line":20,"column":93}},"10":{"start":{"line":21,"column":10},"end":{"line":21,"column":19}},"11":{"start":{"line":21,"column":21},"end":{"line":21,"column":29}},"12":{"start":{"line":22,"column":23},"end":{"line":22,"column":42}},"13":{"start":{"line":23,"column":4},"end":{"line":120,"column":null}},"14":{"start":{"line":25,"column":8},"end":{"line":32,"column":null}},"15":{"start":{"line":33,"column":8},"end":{"line":33,"column":13}},"16":{"start":{"line":35,"column":8},"end":{"line":37,"column":null}},"17":{"start":{"line":36,"column":10},"end":{"line":36,"column":15}},"18":{"start":{"line":38,"column":8},"end":{"line":41,"column":null}},"19":{"start":{"line":42,"column":8},"end":{"line":42,"column":13}},"20":{"start":{"line":45,"column":8},"end":{"line":47,"column":null}},"21":{"start":{"line":46,"column":10},"end":{"line":46,"column":15}},"22":{"start":{"line":48,"column":8},"end":{"line":51,"column":null}},"23":{"start":{"line":52,"column":8},"end":{"line":52,"column":13}},"24":{"start":{"line":54,"column":8},"end":{"line":56,"column":null}},"25":{"start":{"line":55,"column":10},"end":{"line":55,"column":15}},"26":{"start":{"line":57,"column":8},"end":{"line":59,"column":null}},"27":{"start":{"line":58,"column":10},"end":{"line":58,"column":null}},"28":{"start":{"line":60,"column":8},"end":{"line":69,"column":null}},"29":{"start":{"line":61,"column":10},"end":{"line":61,"column":null}},"30":{"start":{"line":62,"column":10},"end":{"line":62,"column":null}},"31":{"start":{"line":63,"column":10},"end":{"line":68,"column":null}},"32":{"start":{"line":64,"column":12},"end":{"line":66,"column":null}},"33":{"start":{"line":67,"column":12},"end":{"line":67,"column":17}},"34":{"start":{"line":70,"column":8},"end":{"line":74,"column":null}},"35":{"start":{"line":71,"column":10},"end":{"line":71,"column":null}},"36":{"start":{"line":72,"column":10},"end":{"line":72,"column":null}},"37":{"start":{"line":73,"column":10},"end":{"line":73,"column":15}},"38":{"start":{"line":75,"column":8},"end":{"line":75,"column":null}},"39":{"start":{"line":76,"column":8},"end":{"line":76,"column":null}},"40":{"start":{"line":77,"column":8},"end":{"line":77,"column":13}},"41":{"start":{"line":80,"column":8},"end":{"line":83,"column":null}},"42":{"start":{"line":81,"column":10},"end":{"line":81,"column":78}},"43":{"start":{"line":82,"column":10},"end":{"line":82,"column":null}},"44":{"start":{"line":84,"column":8},"end":{"line":84,"column":13}},"45":{"start":{"line":86,"column":8},"end":{"line":92,"column":null}},"46":{"start":{"line":87,"column":10},"end":{"line":87,"column":89}},"47":{"start":{"line":88,"column":10},"end":{"line":90,"column":null}},"48":{"start":{"line":89,"column":12},"end":{"line":89,"column":79}},"49":{"start":{"line":91,"column":10},"end":{"line":91,"column":null}},"50":{"start":{"line":93,"column":8},"end":{"line":93,"column":13}},"51":{"start":{"line":95,"column":8},"end":{"line":108,"column":null}},"52":{"start":{"line":96,"column":10},"end":{"line":96,"column":null}},"53":{"start":{"line":97,"column":10},"end":{"line":99,"column":null}},"54":{"start":{"line":98,"column":12},"end":{"line":98,"column":100}},"55":{"start":{"line":100,"column":10},"end":{"line":102,"column":null}},"56":{"start":{"line":101,"column":12},"end":{"line":101,"column":17}},"57":{"start":{"line":103,"column":10},"end":{"line":105,"column":null}},"58":{"start":{"line":104,"column":12},"end":{"line":104,"column":17}},"59":{"start":{"line":106,"column":10},"end":{"line":106,"column":null}},"60":{"start":{"line":107,"column":10},"end":{"line":107,"column":null}},"61":{"start":{"line":109,"column":8},"end":{"line":109,"column":13}},"62":{"start":{"line":111,"column":8},"end":{"line":111,"column":null}},"63":{"start":{"line":112,"column":8},"end":{"line":114,"column":null}},"64":{"start":{"line":113,"column":10},"end":{"line":113,"column":null}},"65":{"start":{"line":115,"column":8},"end":{"line":118,"column":null}},"66":{"start":{"line":119,"column":8},"end":{"line":119,"column":13}},"67":{"start":{"line":121,"column":4},"end":{"line":121,"column":null}},"68":{"start":{"line":5,"column":0},"end":{"line":5,"column":16}}},"fnMap":{"0":{"name":"reducer","decl":{"start":{"line":5,"column":16},"end":{"line":5,"column":23}},"loc":{"start":{"line":19,"column":5},"end":{"line":122,"column":3}}}},"branchMap":{"0":{"loc":{"start":{"line":24,"column":6},"end":{"line":33,"column":13}},"type":"switch","locations":[{"start":{"line":24,"column":6},"end":{"line":33,"column":13}},{"start":{"line":34,"column":6},"end":{"line":42,"column":13}},{"start":{"line":44,"column":6},"end":{"line":52,"column":13}},{"start":{"line":53,"column":6},"end":{"line":77,"column":13}},{"start":{"line":79,"column":6},"end":{"line":84,"column":13}},{"start":{"line":85,"column":6},"end":{"line":93,"column":13}},{"start":{"line":94,"column":6},"end":{"line":109,"column":13}},{"start":{"line":110,"column":6},"end":{"line":119,"column":13}}]},"1":{"loc":{"start":{"line":27,"column":35},"end":{"line":27,"column":44}},"type":"cond-expr","locations":[{"start":{"line":27,"column":35},"end":{"line":27,"column":44}},{"start":{"line":27,"column":47},"end":{"line":27,"column":53}}]},"2":{"loc":{"start":{"line":35,"column":8},"end":{"line":37,"column":null}},"type":"if","locations":[{"start":{"line":35,"column":8},"end":{"line":37,"column":null}},{"start":{"line":35,"column":8},"end":{"line":37,"column":null}}]},"3":{"loc":{"start":{"line":45,"column":8},"end":{"line":47,"column":null}},"type":"if","locations":[{"start":{"line":45,"column":8},"end":{"line":47,"column":null}},{"start":{"line":45,"column":8},"end":{"line":47,"column":null}}]},"4":{"loc":{"start":{"line":54,"column":8},"end":{"line":56,"column":null}},"type":"if","locations":[{"start":{"line":54,"column":8},"end":{"line":56,"column":null}},{"start":{"line":54,"column":8},"end":{"line":56,"column":null}}]},"5":{"loc":{"start":{"line":54,"column":12},"end":{"line":54,"column":25}},"type":"binary-expr","locations":[{"start":{"line":54,"column":12},"end":{"line":54,"column":25}},{"start":{"line":54,"column":29},"end":{"line":54,"column":46}},{"start":{"line":54,"column":50},"end":{"line":54,"column":59}}]},"6":{"loc":{"start":{"line":57,"column":8},"end":{"line":59,"column":null}},"type":"if","locations":[{"start":{"line":57,"column":8},"end":{"line":59,"column":null}},{"start":{"line":57,"column":8},"end":{"line":59,"column":null}}]},"7":{"loc":{"start":{"line":60,"column":8},"end":{"line":69,"column":null}},"type":"if","locations":[{"start":{"line":60,"column":8},"end":{"line":69,"column":null}},{"start":{"line":60,"column":8},"end":{"line":69,"column":null}}]},"8":{"loc":{"start":{"line":60,"column":12},"end":{"line":60,"column":43}},"type":"binary-expr","locations":[{"start":{"line":60,"column":12},"end":{"line":60,"column":43}},{"start":{"line":60,"column":47},"end":{"line":60,"column":78}}]},"9":{"loc":{"start":{"line":63,"column":10},"end":{"line":68,"column":null}},"type":"if","locations":[{"start":{"line":63,"column":10},"end":{"line":68,"column":null}},{"start":{"line":63,"column":10},"end":{"line":68,"column":null}}]},"10":{"loc":{"start":{"line":70,"column":8},"end":{"line":74,"column":null}},"type":"if","locations":[{"start":{"line":70,"column":8},"end":{"line":74,"column":null}},{"start":{"line":70,"column":8},"end":{"line":74,"column":null}}]},"11":{"loc":{"start":{"line":70,"column":12},"end":{"line":70,"column":41}},"type":"binary-expr","locations":[{"start":{"line":70,"column":12},"end":{"line":70,"column":41}},{"start":{"line":70,"column":45},"end":{"line":70,"column":76}}]},"12":{"loc":{"start":{"line":80,"column":8},"end":{"line":83,"column":null}},"type":"if","locations":[{"start":{"line":80,"column":8},"end":{"line":83,"column":null}},{"start":{"line":80,"column":8},"end":{"line":83,"column":null}}]},"13":{"loc":{"start":{"line":80,"column":12},"end":{"line":80,"column":24}},"type":"binary-expr","locations":[{"start":{"line":80,"column":12},"end":{"line":80,"column":24}},{"start":{"line":80,"column":28},"end":{"line":80,"column":46}},{"start":{"line":80,"column":50},"end":{"line":80,"column":81}}]},"14":{"loc":{"start":{"line":86,"column":8},"end":{"line":92,"column":null}},"type":"if","locations":[{"start":{"line":86,"column":8},"end":{"line":92,"column":null}},{"start":{"line":86,"column":8},"end":{"line":92,"column":null}}]},"15":{"loc":{"start":{"line":86,"column":12},"end":{"line":86,"column":24}},"type":"binary-expr","locations":[{"start":{"line":86,"column":12},"end":{"line":86,"column":24}},{"start":{"line":86,"column":28},"end":{"line":86,"column":59}},{"start":{"line":86,"column":63},"end":{"line":86,"column":96}}]},"16":{"loc":{"start":{"line":88,"column":10},"end":{"line":90,"column":null}},"type":"if","locations":[{"start":{"line":88,"column":10},"end":{"line":90,"column":null}},{"start":{"line":88,"column":10},"end":{"line":90,"column":null}}]},"17":{"loc":{"start":{"line":88,"column":14},"end":{"line":88,"column":45}},"type":"binary-expr","locations":[{"start":{"line":88,"column":14},"end":{"line":88,"column":45}},{"start":{"line":88,"column":49},"end":{"line":88,"column":66}},{"start":{"line":88,"column":70},"end":{"line":88,"column":126}}]},"18":{"loc":{"start":{"line":95,"column":8},"end":{"line":108,"column":null}},"type":"if","locations":[{"start":{"line":95,"column":8},"end":{"line":108,"column":null}},{"start":{"line":95,"column":8},"end":{"line":108,"column":null}}]},"19":{"loc":{"start":{"line":95,"column":12},"end":{"line":95,"column":24}},"type":"binary-expr","locations":[{"start":{"line":95,"column":12},"end":{"line":95,"column":24}},{"start":{"line":95,"column":28},"end":{"line":95,"column":46}},{"start":{"line":95,"column":50},"end":{"line":95,"column":81}}]},"20":{"loc":{"start":{"line":97,"column":10},"end":{"line":99,"column":null}},"type":"if","locations":[{"start":{"line":97,"column":10},"end":{"line":99,"column":null}},{"start":{"line":97,"column":10},"end":{"line":99,"column":null}}]},"21":{"loc":{"start":{"line":97,"column":14},"end":{"line":97,"column":45}},"type":"binary-expr","locations":[{"start":{"line":97,"column":14},"end":{"line":97,"column":45}},{"start":{"line":97,"column":49},"end":{"line":97,"column":80}}]},"22":{"loc":{"start":{"line":100,"column":10},"end":{"line":102,"column":null}},"type":"if","locations":[{"start":{"line":100,"column":10},"end":{"line":102,"column":null}},{"start":{"line":100,"column":10},"end":{"line":102,"column":null}}]},"23":{"loc":{"start":{"line":100,"column":14},"end":{"line":100,"column":45}},"type":"binary-expr","locations":[{"start":{"line":100,"column":14},"end":{"line":100,"column":45}},{"start":{"line":100,"column":49},"end":{"line":100,"column":81}}]},"24":{"loc":{"start":{"line":103,"column":10},"end":{"line":105,"column":null}},"type":"if","locations":[{"start":{"line":103,"column":10},"end":{"line":105,"column":null}},{"start":{"line":103,"column":10},"end":{"line":105,"column":null}}]},"25":{"loc":{"start":{"line":103,"column":14},"end":{"line":103,"column":42}},"type":"binary-expr","locations":[{"start":{"line":103,"column":14},"end":{"line":103,"column":42}},{"start":{"line":103,"column":46},"end":{"line":103,"column":77}}]},"26":{"loc":{"start":{"line":112,"column":8},"end":{"line":114,"column":null}},"type":"if","locations":[{"start":{"line":112,"column":8},"end":{"line":114,"column":null}},{"start":{"line":112,"column":8},"end":{"line":114,"column":null}}]},"27":{"loc":{"start":{"line":112,"column":12},"end":{"line":112,"column":25}},"type":"binary-expr","locations":[{"start":{"line":112,"column":12},"end":{"line":112,"column":25}},{"start":{"line":112,"column":29},"end":{"line":112,"column":45}},{"start":{"line":112,"column":49},"end":{"line":112,"column":84}}]}},"s":{"0":1,"1":1,"2":35,"3":35,"4":35,"5":35,"6":35,"7":35,"8":35,"9":35,"10":35,"11":35,"12":35,"13":35,"14":4,"15":4,"16":1,"17":0,"18":1,"19":1,"20":8,"21":0,"22":8,"23":8,"24":11,"25":0,"26":11,"27":3,"28":11,"29":1,"30":1,"31":1,"32":1,"33":1,"34":10,"35":1,"36":1,"37":1,"38":9,"39":9,"40":9,"41":0,"42":0,"43":0,"44":0,"45":0,"46":0,"47":0,"48":0,"49":0,"50":0,"51":3,"52":2,"53":2,"54":0,"55":2,"56":1,"57":1,"58":0,"59":1,"60":1,"61":2,"62":8,"63":8,"64":7,"65":8,"66":8,"67":35,"68":1},"f":{"0":35},"b":{"0":[4,1,8,11,0,0,3,8],"1":[4,0],"2":[0,1],"3":[0,8],"4":[0,11],"5":[11,11,11],"6":[3,8],"7":[1,10],"8":[11,6],"9":[1,0],"10":[1,9],"11":[10,2],"12":[0,0],"13":[0,0,0],"14":[0,0],"15":[0,0,0],"16":[0,0],"17":[0,0,0],"18":[2,1],"19":[3,3,2],"20":[0,2],"21":[2,1],"22":[1,1],"23":[2,1],"24":[0,1],"25":[1,1],"26":[7,1],"27":[8,2,2]}}
,"/Users/aote/Desktop/react-echarts-draw-mark/src/index.tsx": {"path":"/Users/aote/Desktop/react-echarts-draw-mark/src/index.tsx","statementMap":{"0":{"start":{"line":1,"column":0},"end":{"line":1,"column":62}},"1":{"start":{"line":2,"column":0},"end":{"line":2,"column":45}},"2":{"start":{"line":3,"column":0},"end":{"line":3,"column":27}},"3":{"start":{"line":4,"column":0},"end":{"line":4,"column":30}},"4":{"start":{"line":7,"column":0},"end":{"line":7,"column":60}},"5":{"start":{"line":8,"column":0},"end":{"line":8,"column":36}},"6":{"start":{"line":10,"column":20},"end":{"line":10,"column":22}},"7":{"start":{"line":12,"column":0},"end":{"line":125,"column":null}},"8":{"start":{"line":12,"column":18},"end":{"line":12,"column":26}},"9":{"start":{"line":12,"column":28},"end":{"line":12,"column":35}},"10":{"start":{"line":12,"column":37},"end":{"line":12,"column":45}},"11":{"start":{"line":12,"column":47},"end":{"line":12,"column":63}},"12":{"start":{"line":12,"column":65},"end":{"line":12,"column":70}},"13":{"start":{"line":12,"column":72},"end":{"line":12,"column":85}},"14":{"start":{"line":14,"column":2},"end":{"line":16,"column":null}},"15":{"start":{"line":15,"column":4},"end":{"line":15,"column":null}},"16":{"start":{"line":18,"column":2},"end":{"line":20,"column":null}},"17":{"start":{"line":19,"column":4},"end":{"line":19,"column":null}},"18":{"start":{"line":22,"column":2},"end":{"line":22,"column":null}},"19":{"start":{"line":23,"column":2},"end":{"line":23,"column":null}},"20":{"start":{"line":25,"column":8},"end":{"line":25,"column":9}},"21":{"start":{"line":25,"column":9},"end":{"line":25,"column":13}},"22":{"start":{"line":25,"column":15},"end":{"line":25,"column":81}},"23":{"start":{"line":26,"column":2},"end":{"line":91,"column":null}},"24":{"start":{"line":27,"column":4},"end":{"line":90,"column":null}},"25":{"start":{"line":28,"column":23},"end":{"line":28,"column":75}},"26":{"start":{"line":29,"column":14},"end":{"line":29,"column":23}},"27":{"start":{"line":29,"column":25},"end":{"line":29,"column":33}},"28":{"start":{"line":30,"column":28},"end":{"line":30,"column":47}},"29":{"start":{"line":31,"column":6},"end":{"line":88,"column":15}},"30":{"start":{"line":35,"column":12},"end":{"line":67,"column":null}},"31":{"start":{"line":39,"column":16},"end":{"line":39,"column":null}},"32":{"start":{"line":71,"column":12},"end":{"line":86,"column":null}},"33":{"start":{"line":78,"column":33},"end":{"line":78,"column":80}},"34":{"start":{"line":79,"column":16},"end":{"line":83,"column":null}},"35":{"start":{"line":89,"column":6},"end":{"line":89,"column":null}},"36":{"start":{"line":93,"column":8},"end":{"line":93,"column":9}},"37":{"start":{"line":93,"column":9},"end":{"line":93,"column":16}},"38":{"start":{"line":93,"column":18},"end":{"line":93,"column":59}},"39":{"start":{"line":94,"column":2},"end":{"line":99,"column":null}},"40":{"start":{"line":95,"column":4},"end":{"line":98,"column":null}},"41":{"start":{"line":96,"column":6},"end":{"line":96,"column":null}},"42":{"start":{"line":97,"column":6},"end":{"line":97,"column":null}},"43":{"start":{"line":101,"column":21},"end":{"line":103,"column":4}},"44":{"start":{"line":102,"column":4},"end":{"line":102,"column":null}},"45":{"start":{"line":105,"column":22},"end":{"line":107,"column":3}},"46":{"start":{"line":106,"column":4},"end":{"line":106,"column":null}},"47":{"start":{"line":109,"column":22},"end":{"line":111,"column":3}},"48":{"start":{"line":110,"column":4},"end":{"line":110,"column":null}},"49":{"start":{"line":113,"column":2},"end":{"line":124,"column":null}}},"fnMap":{"0":{"name":"(anonymous_4)","decl":{"start":{"line":12,"column":15},"end":{"line":12,"column":16}},"loc":{"start":{"line":12,"column":94},"end":{"line":125,"column":1}}},"1":{"name":"(anonymous_5)","decl":{"start":{"line":14,"column":12},"end":{"line":14,"column":null}},"loc":{"start":{"line":14,"column":12},"end":{"line":16,"column":3}}},"2":{"name":"(anonymous_6)","decl":{"start":{"line":18,"column":12},"end":{"line":18,"column":null}},"loc":{"start":{"line":18,"column":12},"end":{"line":20,"column":3}}},"3":{"name":"(anonymous_7)","decl":{"start":{"line":26,"column":12},"end":{"line":26,"column":null}},"loc":{"start":{"line":26,"column":12},"end":{"line":91,"column":3}}},"4":{"name":"(anonymous_8)","decl":{"start":{"line":34,"column":10},"end":{"line":34,"column":11}},"loc":{"start":{"line":34,"column":37},"end":{"line":68,"column":11}}},"5":{"name":"(anonymous_9)","decl":{"start":{"line":38,"column":37},"end":{"line":38,"column":38}},"loc":{"start":{"line":38,"column":38},"end":{"line":40,"column":15}}},"6":{"name":"(anonymous_10)","decl":{"start":{"line":70,"column":10},"end":{"line":70,"column":11}},"loc":{"start":{"line":70,"column":42},"end":{"line":87,"column":11}}},"7":{"name":"(anonymous_11)","decl":{"start":{"line":77,"column":44},"end":{"line":77,"column":65}},"loc":{"start":{"line":77,"column":82},"end":{"line":84,"column":15}}},"8":{"name":"(anonymous_12)","decl":{"start":{"line":94,"column":12},"end":{"line":94,"column":null}},"loc":{"start":{"line":94,"column":12},"end":{"line":99,"column":3}}},"9":{"name":"(anonymous_13)","decl":{"start":{"line":101,"column":29},"end":{"line":101,"column":30}},"loc":{"start":{"line":101,"column":60},"end":{"line":103,"column":3}}},"10":{"name":"(anonymous_14)","decl":{"start":{"line":105,"column":22},"end":{"line":105,"column":23}},"loc":{"start":{"line":105,"column":80},"end":{"line":107,"column":3}}},"11":{"name":"(anonymous_15)","decl":{"start":{"line":109,"column":22},"end":{"line":109,"column":23}},"loc":{"start":{"line":109,"column":43},"end":{"line":111,"column":3}}}},"branchMap":{"0":{"loc":{"start":{"line":12,"column":47},"end":{"line":12,"column":63}},"type":"cond-expr","locations":[{"start":{"line":12,"column":47},"end":{"line":12,"column":63}},{"start":{"line":12,"column":47},"end":{"line":12,"column":63}}]},"1":{"loc":{"start":{"line":12,"column":72},"end":{"line":12,"column":85}},"type":"cond-expr","locations":[{"start":{"line":12,"column":72},"end":{"line":12,"column":85}},{"start":{"line":12,"column":72},"end":{"line":12,"column":85}}]},"2":{"loc":{"start":{"line":15,"column":4},"end":{"line":15,"column":35}},"type":"binary-expr","locations":[{"start":{"line":15,"column":4},"end":{"line":15,"column":35}},{"start":{"line":15,"column":39},"end":{"line":15,"column":86}}]},"3":{"loc":{"start":{"line":27,"column":4},"end":{"line":90,"column":null}},"type":"if","locations":[{"start":{"line":27,"column":4},"end":{"line":90,"column":null}},{"start":{"line":27,"column":4},"end":{"line":90,"column":null}}]},"4":{"loc":{"start":{"line":37,"column":47},"end":{"line":37,"column":58}},"type":"cond-expr","locations":[{"start":{"line":37,"column":47},"end":{"line":37,"column":58}},{"start":{"line":37,"column":61},"end":{"line":37,"column":62}}]},"5":{"loc":{"start":{"line":48,"column":24},"end":{"line":48,"column":45}},"type":"binary-expr","locations":[{"start":{"line":48,"column":24},"end":{"line":48,"column":45}},{"start":{"line":48,"column":49},"end":{"line":65,"column":null}}]},"6":{"loc":{"start":{"line":57,"column":22},"end":{"line":57,"column":37}},"type":"binary-expr","locations":[{"start":{"line":57,"column":22},"end":{"line":57,"column":37}},{"start":{"line":57,"column":41},"end":{"line":64,"column":null}}]},"7":{"loc":{"start":{"line":69,"column":33},"end":{"line":87,"column":12}},"type":"cond-expr","locations":[{"start":{"line":69,"column":33},"end":{"line":87,"column":12}},{"start":{"line":87,"column":15},"end":{"line":87,"column":19}}]},"8":{"loc":{"start":{"line":95,"column":4},"end":{"line":98,"column":null}},"type":"if","locations":[{"start":{"line":95,"column":4},"end":{"line":98,"column":null}},{"start":{"line":95,"column":4},"end":{"line":98,"column":null}}]},"9":{"loc":{"start":{"line":97,"column":6},"end":{"line":97,"column":13}},"type":"binary-expr","locations":[{"start":{"line":97,"column":6},"end":{"line":97,"column":13}},{"start":{"line":97,"column":17},"end":{"line":97,"column":54}}]}},"s":{"0":1,"1":1,"2":1,"3":1,"4":1,"5":1,"6":1,"7":1,"8":31,"9":31,"10":31,"11":62,"12":31,"13":62,"14":31,"15":8,"16":31,"17":8,"18":31,"19":31,"20":31,"21":31,"22":31,"23":31,"24":31,"25":23,"26":23,"27":23,"28":23,"29":23,"30":20,"31":28,"32":23,"33":0,"34":0,"35":23,"36":31,"37":31,"38":31,"39":31,"40":16,"41":8,"42":8,"43":31,"44":14,"45":31,"46":4,"47":31,"48":1,"49":31},"f":{"0":31,"1":8,"2":8,"3":31,"4":20,"5":28,"6":23,"7":0,"8":16,"9":14,"10":4,"11":1},"b":{"0":[31,0],"1":[31,0],"2":[8,0],"3":[23,8],"4":[16,4],"5":[20,3],"6":[3,2],"7":[16,7],"8":[8,8],"9":[8,6]}}
,"/Users/aote/Desktop/react-echarts-draw-mark/src/utils.ts": {"path":"/Users/aote/Desktop/react-echarts-draw-mark/src/utils.ts","statementMap":{"0":{"start":{"line":1,"column":0},"end":{"line":1,"column":27}},"1":{"start":{"line":4,"column":13},"end":{"line":35,"column":null}},"2":{"start":{"line":37,"column":13},"end":{"line":40,"column":null}},"3":{"start":{"line":38,"column":12},"end":{"line":38,"column":98}},"4":{"start":{"line":39,"column":2},"end":{"line":39,"column":11}},"5":{"start":{"line":42,"column":13},"end":{"line":50,"column":null}},"6":{"start":{"line":43,"column":18},"end":{"line":43,"column":44}},"7":{"start":{"line":44,"column":18},"end":{"line":44,"column":44}},"8":{"start":{"line":45,"column":22},"end":{"line":45,"column":54}},"9":{"start":{"line":46,"column":23},"end":{"line":46,"column":56}},"10":{"start":{"line":47,"column":12},"end":{"line":47,"column":38}},"11":{"start":{"line":48,"column":12},"end":{"line":48,"column":39}},"12":{"start":{"line":49,"column":2},"end":{"line":49,"column":16}},"13":{"start":{"line":52,"column":13},"end":{"line":59,"column":null}},"14":{"start":{"line":53,"column":22},"end":{"line":53,"column":26}},"15":{"start":{"line":54,"column":19},"end":{"line":54,"column":60}},"16":{"start":{"line":55,"column":2},"end":{"line":57,"column":null}},"17":{"start":{"line":56,"column":4},"end":{"line":56,"column":null}},"18":{"start":{"line":58,"column":2},"end":{"line":58,"column":null}},"19":{"start":{"line":61,"column":13},"end":{"line":63,"column":null}},"20":{"start":{"line":62,"column":2},"end":{"line":62,"column":null}},"21":{"start":{"line":65,"column":13},"end":{"line":67,"column":null}},"22":{"start":{"line":66,"column":2},"end":{"line":66,"column":null}},"23":{"start":{"line":69,"column":13},"end":{"line":77,"column":2}},"24":{"start":{"line":70,"column":2},"end":{"line":76,"column":null}},"25":{"start":{"line":79,"column":13},"end":{"line":92,"column":2}},"26":{"start":{"line":80,"column":9},"end":{"line":80,"column":10}},"27":{"start":{"line":80,"column":10},"end":{"line":80,"column":16}},"28":{"start":{"line":80,"column":18},"end":{"line":80,"column":24}},"29":{"start":{"line":80,"column":27},"end":{"line":80,"column":28}},"30":{"start":{"line":80,"column":28},"end":{"line":80,"column":32}},"31":{"start":{"line":80,"column":34},"end":{"line":80,"column":39}},"32":{"start":{"line":82,"column":2},"end":{"line":91,"column":null}}},"fnMap":{"0":{"name":"(anonymous_1)","decl":{"start":{"line":37,"column":27},"end":{"line":37,"column":28}},"loc":{"start":{"line":37,"column":60},"end":{"line":40,"column":1}}},"1":{"name":"(anonymous_2)","decl":{"start":{"line":42,"column":24},"end":{"line":42,"column":25}},"loc":{"start":{"line":42,"column":57},"end":{"line":50,"column":1}}},"2":{"name":"(anonymous_3)","decl":{"start":{"line":52,"column":24},"end":{"line":52,"column":25}},"loc":{"start":{"line":52,"column":69},"end":{"line":59,"column":1}}},"3":{"name":"(anonymous_4)","decl":{"start":{"line":61,"column":23},"end":{"line":61,"column":24}},"loc":{"start":{"line":61,"column":40},"end":{"line":63,"column":1}}},"4":{"name":"(anonymous_5)","decl":{"start":{"line":65,"column":24},"end":{"line":65,"column":25}},"loc":{"start":{"line":65,"column":41},"end":{"line":67,"column":1}}},"5":{"name":"(anonymous_6)","decl":{"start":{"line":69,"column":27},"end":{"line":69,"column":28}},"loc":{"start":{"line":69,"column":88},"end":{"line":77,"column":1}}},"6":{"name":"(anonymous_7)","decl":{"start":{"line":79,"column":24},"end":{"line":79,"column":25}},"loc":{"start":{"line":79,"column":64},"end":{"line":92,"column":1}}}},"branchMap":{"0":{"loc":{"start":{"line":43,"column":18},"end":{"line":43,"column":39}},"type":"binary-expr","locations":[{"start":{"line":43,"column":18},"end":{"line":43,"column":39}},{"start":{"line":43,"column":43},"end":{"line":43,"column":44}}]},"1":{"loc":{"start":{"line":44,"column":18},"end":{"line":44,"column":39}},"type":"binary-expr","locations":[{"start":{"line":44,"column":18},"end":{"line":44,"column":39}},{"start":{"line":44,"column":43},"end":{"line":44,"column":44}}]},"2":{"loc":{"start":{"line":45,"column":22},"end":{"line":45,"column":49}},"type":"binary-expr","locations":[{"start":{"line":45,"column":22},"end":{"line":45,"column":49}},{"start":{"line":45,"column":53},"end":{"line":45,"column":54}}]},"3":{"loc":{"start":{"line":46,"column":23},"end":{"line":46,"column":51}},"type":"binary-expr","locations":[{"start":{"line":46,"column":23},"end":{"line":46,"column":51}},{"start":{"line":46,"column":55},"end":{"line":46,"column":56}}]},"4":{"loc":{"start":{"line":47,"column":12},"end":{"line":47,"column":33}},"type":"binary-expr","locations":[{"start":{"line":47,"column":12},"end":{"line":47,"column":33}},{"start":{"line":47,"column":37},"end":{"line":47,"column":38}}]},"5":{"loc":{"start":{"line":48,"column":12},"end":{"line":48,"column":34}},"type":"binary-expr","locations":[{"start":{"line":48,"column":12},"end":{"line":48,"column":34}},{"start":{"line":48,"column":38},"end":{"line":48,"column":39}}]},"6":{"loc":{"start":{"line":55,"column":2},"end":{"line":57,"column":null}},"type":"if","locations":[{"start":{"line":55,"column":2},"end":{"line":57,"column":null}},{"start":{"line":55,"column":2},"end":{"line":57,"column":null}}]}},"s":{"0":1,"1":1,"2":1,"3":1,"4":1,"5":1,"6":14,"7":14,"8":14,"9":14,"10":14,"11":14,"12":14,"13":1,"14":1,"15":1,"16":1,"17":0,"18":1,"19":1,"20":1,"21":1,"22":1,"23":1,"24":4,"25":1,"26":4,"27":4,"28":4,"29":4,"30":4,"31":4,"32":4},"f":{"0":1,"1":14,"2":1,"3":1,"4":1,"5":4,"6":4},"b":{"0":[14,14],"1":[14,14],"2":[14,14],"3":[14,14],"4":[14,14],"5":[14,14],"6":[0,1]}}
}
