{"total": {"lines":{"total":128,"covered":110,"skipped":0,"pct":85.94},"statements":{"total":152,"covered":134,"skipped":0,"pct":88.16},"functions":{"total":20,"covered":19,"skipped":0,"pct":95},"branches":{"total":106,"covered":78,"skipped":0,"pct":73.58}}
,"/Users/aote/Desktop/react-echarts-draw-mark/src/common.ts": {"lines":{"total":58,"covered":43,"skipped":0,"pct":74.14},"functions":{"total":1,"covered":1,"skipped":0,"pct":100},"statements":{"total":66,"covered":51,"skipped":0,"pct":77.27},"branches":{"total":68,"covered":44,"skipped":0,"pct":64.71}}
,"/Users/aote/Desktop/react-echarts-draw-mark/src/index.tsx": {"lines":{"total":42,"covered":40,"skipped":0,"pct":95.24},"functions":{"total":12,"covered":11,"skipped":0,"pct":91.67},"statements":{"total":53,"covered":51,"skipped":0,"pct":96.23},"branches":{"total":24,"covered":21,"skipped":0,"pct":87.5}}
,"/Users/aote/Desktop/react-echarts-draw-mark/src/utils.ts": {"lines":{"total":28,"covered":27,"skipped":0,"pct":96.43},"functions":{"total":7,"covered":7,"skipped":0,"pct":100},"statements":{"total":33,"covered":32,"skipped":0,"pct":96.97},"branches":{"total":14,"covered":13,"skipped":0,"pct":92.86}}
}
