TN:
SF:/Users/aote/Desktop/react-echarts-draw-mark/src/common.ts
FN:20,reducer
FNF:1
FNH:1
FNDA:35,reducer
DA:2,1
DA:3,1
DA:20,1
DA:24,35
DA:25,35
DA:26,35
DA:27,35
DA:29,4
DA:37,4
DA:39,1
DA:40,0
DA:42,1
DA:46,1
DA:49,8
DA:50,0
DA:52,8
DA:56,8
DA:58,11
DA:59,0
DA:61,11
DA:62,3
DA:64,11
DA:65,1
DA:66,1
DA:67,1
DA:68,1
DA:71,1
DA:74,10
DA:75,1
DA:76,1
DA:77,1
DA:79,9
DA:80,9
DA:81,9
DA:84,0
DA:85,0
DA:86,0
DA:88,0
DA:90,0
DA:91,0
DA:92,0
DA:93,0
DA:95,0
DA:97,0
DA:99,3
DA:100,2
DA:101,2
DA:102,0
DA:104,2
DA:105,1
DA:107,1
DA:108,0
DA:110,1
DA:111,1
DA:113,2
DA:115,8
DA:119,8
DA:121,35
LF:58
LH:43
BRDA:28,0,0,4
BRDA:28,0,1,1
BRDA:28,0,2,8
BRDA:28,0,3,11
BRDA:28,0,4,0
BRDA:28,0,5,0
BRDA:28,0,6,3
BRDA:28,0,7,8
BRDA:31,1,0,4
BRDA:31,1,1,0
BRDA:39,2,0,0
BRDA:39,2,1,1
BRDA:49,3,0,0
BRDA:49,3,1,8
BRDA:58,4,0,0
BRDA:58,4,1,11
BRDA:58,5,0,11
BRDA:58,5,1,11
BRDA:58,5,2,11
BRDA:61,6,0,3
BRDA:61,6,1,8
BRDA:64,7,0,1
BRDA:64,7,1,10
BRDA:64,8,0,11
BRDA:64,8,1,6
BRDA:67,9,0,1
BRDA:67,9,1,0
BRDA:74,10,0,1
BRDA:74,10,1,9
BRDA:74,11,0,10
BRDA:74,11,1,2
BRDA:84,12,0,0
BRDA:84,12,1,0
BRDA:84,13,0,0
BRDA:84,13,1,0
BRDA:84,13,2,0
BRDA:90,14,0,0
BRDA:90,14,1,0
BRDA:90,15,0,0
BRDA:90,15,1,0
BRDA:90,15,2,0
BRDA:92,16,0,0
BRDA:92,16,1,0
BRDA:92,17,0,0
BRDA:92,17,1,0
BRDA:92,17,2,0
BRDA:99,18,0,2
BRDA:99,18,1,1
BRDA:99,19,0,3
BRDA:99,19,1,3
BRDA:99,19,2,2
BRDA:101,20,0,0
BRDA:101,20,1,2
BRDA:101,21,0,2
BRDA:101,21,1,1
BRDA:104,22,0,1
BRDA:104,22,1,1
BRDA:104,23,0,2
BRDA:104,23,1,1
BRDA:107,24,0,0
BRDA:107,24,1,1
BRDA:107,25,0,1
BRDA:107,25,1,1
BRDA:116,26,0,7
BRDA:116,26,1,1
BRDA:116,27,0,8
BRDA:116,27,1,2
BRDA:116,27,2,2
BRF:68
BRH:44
end_of_record
TN:
SF:/Users/aote/Desktop/react-echarts-draw-mark/src/index.tsx
FN:12,(anonymous_4)
FN:15,(anonymous_5)
FN:19,(anonymous_6)
FN:27,(anonymous_7)
FN:35,(anonymous_8)
FN:36,(anonymous_9)
FN:72,(anonymous_10)
FN:79,(anonymous_11)
FN:95,(anonymous_12)
FN:103,(anonymous_13)
FN:107,(anonymous_14)
FN:114,(anonymous_15)
FNF:12
FNH:11
FNDA:38,(anonymous_4)
FNDA:8,(anonymous_5)
FNDA:8,(anonymous_6)
FNDA:36,(anonymous_7)
FNDA:25,(anonymous_8)
FNDA:3,(anonymous_9)
FNDA:42,(anonymous_10)
FNDA:0,(anonymous_11)
FNDA:4,(anonymous_12)
FNDA:1,(anonymous_13)
FNDA:16,(anonymous_14)
FNDA:14,(anonymous_15)
DA:1,1
DA:2,1
DA:3,1
DA:4,1
DA:7,1
DA:8,1
DA:10,1
DA:12,76
DA:13,38
DA:15,38
DA:16,8
DA:19,38
DA:20,8
DA:23,38
DA:24,38
DA:26,38
DA:27,38
DA:28,36
DA:29,28
DA:30,28
DA:31,28
DA:32,28
DA:36,25
DA:37,3
DA:38,3
DA:47,25
DA:73,42
DA:80,0
DA:81,0
DA:91,28
DA:95,38
DA:100,4
DA:103,38
DA:104,1
DA:107,38
DA:108,16
DA:109,8
DA:110,8
DA:114,38
DA:115,14
DA:118,38
DA:131,1
LF:42
LH:40
BRDA:12,0,0,38
BRDA:12,0,1,0
BRDA:12,1,0,38
BRDA:12,1,1,0
BRDA:16,2,0,8
BRDA:16,2,1,0
BRDA:28,3,0,28
BRDA:28,3,1,8
BRDA:37,4,0,2
BRDA:37,4,1,1
BRDA:38,5,0,2
BRDA:38,5,1,1
BRDA:49,6,0,21
BRDA:49,6,1,4
BRDA:58,7,0,25
BRDA:58,7,1,3
BRDA:71,8,0,21
BRDA:71,8,1,7
BRDA:91,9,0,28
BRDA:91,9,1,26
BRDA:108,10,0,8
BRDA:108,10,1,8
BRDA:110,11,0,8
BRDA:110,11,1,6
BRF:24
BRH:21
end_of_record
TN:
SF:/Users/aote/Desktop/react-echarts-draw-mark/src/utils.ts
FN:37,(anonymous_1)
FN:42,(anonymous_2)
FN:52,(anonymous_3)
FN:61,(anonymous_4)
FN:65,(anonymous_5)
FN:69,(anonymous_6)
FN:82,(anonymous_7)
FNF:7
FNH:7
FNDA:1,(anonymous_1)
FNDA:14,(anonymous_2)
FNDA:1,(anonymous_3)
FNDA:1,(anonymous_4)
FNDA:1,(anonymous_5)
FNDA:4,(anonymous_6)
FNDA:2,(anonymous_7)
DA:1,1
DA:4,1
DA:37,1
DA:38,1
DA:39,1
DA:42,1
DA:43,14
DA:44,14
DA:45,14
DA:46,14
DA:47,14
DA:48,14
DA:49,14
DA:52,1
DA:53,1
DA:54,1
DA:55,1
DA:56,0
DA:58,1
DA:61,1
DA:62,1
DA:65,1
DA:66,1
DA:69,1
DA:73,4
DA:82,1
DA:83,2
DA:85,2
LF:28
LH:27
BRDA:43,0,0,14
BRDA:43,0,1,14
BRDA:44,1,0,14
BRDA:44,1,1,14
BRDA:45,2,0,14
BRDA:45,2,1,14
BRDA:46,3,0,14
BRDA:46,3,1,14
BRDA:47,4,0,14
BRDA:47,4,1,14
BRDA:48,5,0,14
BRDA:48,5,1,14
BRDA:55,6,0,0
BRDA:55,6,1,1
BRF:14
BRH:13
end_of_record
