<?xml version="1.0" encoding="UTF-8"?>
<coverage generated="1574854162240" clover="3.2.0">
  <project timestamp="1574854162240" name="All files">
    <metrics statements="119" coveredstatements="101" conditionals="98" coveredconditionals="70" methods="19" coveredmethods="18" elements="236" coveredelements="189" complexity="0" loc="119" ncloc="119" packages="1" files="1" classes="1"/>
    <file name="index.tsx" path="/Users/aote/Desktop/react-echarts-draw-mark/src/index.tsx">
      <metrics statements="119" coveredstatements="101" conditionals="98" coveredconditionals="70" methods="19" coveredmethods="18"/>
      <line num="1" count="1" type="stmt"/>
      <line num="2" count="1" type="stmt"/>
      <line num="3" count="1" type="stmt"/>
      <line num="4" count="1" type="stmt"/>
      <line num="5" count="1" type="stmt"/>
      <line num="6" count="1" type="stmt"/>
      <line num="7" count="1" type="stmt"/>
      <line num="8" count="1" type="stmt"/>
      <line num="42" count="1" type="stmt"/>
      <line num="74" count="1" type="stmt"/>
      <line num="75" count="1" type="stmt"/>
      <line num="76" count="1" type="stmt"/>
      <line num="79" count="1" type="stmt"/>
      <line num="80" count="11" type="cond" truecount="2" falsecount="0"/>
      <line num="81" count="11" type="cond" truecount="2" falsecount="0"/>
      <line num="82" count="11" type="cond" truecount="2" falsecount="0"/>
      <line num="83" count="11" type="cond" truecount="2" falsecount="0"/>
      <line num="84" count="11" type="cond" truecount="2" falsecount="0"/>
      <line num="85" count="11" type="cond" truecount="2" falsecount="0"/>
      <line num="86" count="11" type="stmt"/>
      <line num="89" count="1" type="stmt"/>
      <line num="90" count="1" type="stmt"/>
      <line num="91" count="1" type="stmt"/>
      <line num="92" count="1" type="cond" truecount="1" falsecount="1"/>
      <line num="93" count="0" type="stmt"/>
      <line num="95" count="1" type="stmt"/>
      <line num="98" count="1" type="stmt"/>
      <line num="99" count="1" type="stmt"/>
      <line num="102" count="1" type="stmt"/>
      <line num="103" count="1" type="stmt"/>
      <line num="106" count="1" type="stmt"/>
      <line num="107" count="4" type="stmt"/>
      <line num="131" count="32" type="stmt"/>
      <line num="132" count="32" type="stmt"/>
      <line num="133" count="32" type="stmt"/>
      <line num="134" count="32" type="stmt"/>
      <line num="136" count="4" type="stmt"/>
      <line num="144" count="4" type="stmt"/>
      <line num="146" count="1" type="cond" truecount="1" falsecount="1"/>
      <line num="147" count="0" type="stmt"/>
      <line num="149" count="1" type="stmt"/>
      <line num="153" count="1" type="stmt"/>
      <line num="156" count="8" type="cond" truecount="1" falsecount="1"/>
      <line num="157" count="0" type="stmt"/>
      <line num="159" count="8" type="stmt"/>
      <line num="163" count="8" type="stmt"/>
      <line num="166" count="9" type="cond" truecount="5" falsecount="0"/>
      <line num="167" count="1" type="stmt"/>
      <line num="169" count="8" type="cond" truecount="2" falsecount="0"/>
      <line num="170" count="3" type="stmt"/>
      <line num="172" count="8" type="cond" truecount="4" falsecount="0"/>
      <line num="173" count="1" type="stmt"/>
      <line num="174" count="1" type="stmt"/>
      <line num="175" count="1" type="cond" truecount="1" falsecount="1"/>
      <line num="176" count="1" type="stmt"/>
      <line num="179" count="1" type="stmt"/>
      <line num="182" count="7" type="cond" truecount="4" falsecount="0"/>
      <line num="183" count="1" type="stmt"/>
      <line num="184" count="1" type="stmt"/>
      <line num="185" count="1" type="stmt"/>
      <line num="187" count="6" type="stmt"/>
      <line num="188" count="6" type="stmt"/>
      <line num="189" count="6" type="stmt"/>
      <line num="192" count="0" type="cond" truecount="0" falsecount="5"/>
      <line num="193" count="0" type="stmt"/>
      <line num="194" count="0" type="stmt"/>
      <line num="196" count="0" type="stmt"/>
      <line num="198" count="0" type="cond" truecount="0" falsecount="5"/>
      <line num="199" count="0" type="stmt"/>
      <line num="200" count="0" type="cond" truecount="0" falsecount="5"/>
      <line num="201" count="0" type="stmt"/>
      <line num="203" count="0" type="stmt"/>
      <line num="205" count="0" type="stmt"/>
      <line num="207" count="2" type="cond" truecount="5" falsecount="0"/>
      <line num="208" count="1" type="stmt"/>
      <line num="209" count="1" type="cond" truecount="2" falsecount="2"/>
      <line num="210" count="0" type="stmt"/>
      <line num="212" count="1" type="cond" truecount="2" falsecount="2"/>
      <line num="213" count="0" type="stmt"/>
      <line num="215" count="1" type="cond" truecount="3" falsecount="1"/>
      <line num="216" count="0" type="stmt"/>
      <line num="218" count="1" type="stmt"/>
      <line num="219" count="1" type="stmt"/>
      <line num="221" count="2" type="stmt"/>
      <line num="223" count="8" type="stmt"/>
      <line num="224" count="8" type="cond" truecount="5" falsecount="0"/>
      <line num="225" count="7" type="stmt"/>
      <line num="227" count="8" type="stmt"/>
      <line num="231" count="8" type="stmt"/>
      <line num="233" count="32" type="stmt"/>
      <line num="236" count="1" type="stmt"/>
      <line num="237" count="30" type="stmt"/>
      <line num="238" count="30" type="stmt"/>
      <line num="239" count="30" type="stmt"/>
      <line num="240" count="30" type="stmt"/>
      <line num="241" count="30" type="stmt"/>
      <line num="242" count="30" type="cond" truecount="2" falsecount="0"/>
      <line num="245" count="19" type="stmt"/>
      <line num="249" count="25" type="stmt"/>
      <line num="282" count="20" type="stmt"/>
      <line num="289" count="0" type="stmt"/>
      <line num="290" count="0" type="stmt"/>
      <line num="296" count="30" type="stmt"/>
      <line num="299" count="30" type="stmt"/>
      <line num="300" count="8" type="stmt"/>
      <line num="303" count="30" type="stmt"/>
      <line num="304" count="16" type="cond" truecount="2" falsecount="0"/>
      <line num="305" count="8" type="stmt"/>
      <line num="306" count="8" type="cond" truecount="2" falsecount="0"/>
      <line num="313" count="30" type="stmt"/>
      <line num="314" count="8" type="cond" truecount="1" falsecount="1"/>
      <line num="318" count="30" type="stmt"/>
      <line num="319" count="11" type="stmt"/>
      <line num="322" count="30" type="stmt"/>
      <line num="323" count="4" type="stmt"/>
      <line num="326" count="30" type="stmt"/>
      <line num="327" count="1" type="stmt"/>
      <line num="330" count="30" type="stmt"/>
      <line num="345" count="1" type="stmt"/>
    </file>
  </project>
</coverage>
