<?xml version="1.0" encoding="UTF-8"?>
<coverage generated="1574765404674" clover="3.2.0">
  <project timestamp="1574765404674" name="All files">
    <metrics statements="119" coveredstatements="52" conditionals="98" coveredconditionals="20" methods="19" coveredmethods="9" elements="236" coveredelements="81" complexity="0" loc="119" ncloc="119" packages="1" files="1" classes="1"/>
    <file name="index.tsx" path="/Users/aote/Desktop/react-echarts-draw-mark/src/index.tsx">
      <metrics statements="119" coveredstatements="52" conditionals="98" coveredconditionals="20" methods="19" coveredmethods="9"/>
      <line num="1" count="1" type="stmt"/>
      <line num="2" count="1" type="stmt"/>
      <line num="3" count="1" type="stmt"/>
      <line num="4" count="1" type="stmt"/>
      <line num="5" count="1" type="stmt"/>
      <line num="6" count="1" type="stmt"/>
      <line num="7" count="1" type="stmt"/>
      <line num="8" count="1" type="stmt"/>
      <line num="42" count="1" type="stmt"/>
      <line num="74" count="1" type="stmt"/>
      <line num="75" count="0" type="stmt"/>
      <line num="76" count="0" type="stmt"/>
      <line num="79" count="1" type="stmt"/>
      <line num="80" count="0" type="cond" truecount="0" falsecount="2"/>
      <line num="81" count="0" type="cond" truecount="0" falsecount="2"/>
      <line num="82" count="0" type="cond" truecount="0" falsecount="2"/>
      <line num="83" count="0" type="cond" truecount="0" falsecount="2"/>
      <line num="84" count="0" type="cond" truecount="0" falsecount="2"/>
      <line num="85" count="0" type="cond" truecount="0" falsecount="2"/>
      <line num="86" count="0" type="stmt"/>
      <line num="89" count="1" type="stmt"/>
      <line num="90" count="0" type="stmt"/>
      <line num="91" count="0" type="stmt"/>
      <line num="92" count="0" type="cond" truecount="0" falsecount="2"/>
      <line num="93" count="0" type="stmt"/>
      <line num="95" count="0" type="stmt"/>
      <line num="98" count="1" type="stmt"/>
      <line num="99" count="0" type="stmt"/>
      <line num="102" count="1" type="stmt"/>
      <line num="103" count="0" type="stmt"/>
      <line num="106" count="1" type="stmt"/>
      <line num="107" count="0" type="stmt"/>
      <line num="131" count="4" type="stmt"/>
      <line num="132" count="4" type="stmt"/>
      <line num="133" count="4" type="stmt"/>
      <line num="134" count="4" type="stmt"/>
      <line num="136" count="0" type="stmt"/>
      <line num="144" count="0" type="stmt"/>
      <line num="146" count="0" type="cond" truecount="0" falsecount="2"/>
      <line num="147" count="0" type="stmt"/>
      <line num="149" count="0" type="stmt"/>
      <line num="153" count="0" type="stmt"/>
      <line num="156" count="2" type="cond" truecount="1" falsecount="1"/>
      <line num="157" count="0" type="stmt"/>
      <line num="159" count="2" type="stmt"/>
      <line num="163" count="2" type="stmt"/>
      <line num="166" count="0" type="cond" truecount="0" falsecount="5"/>
      <line num="167" count="0" type="stmt"/>
      <line num="169" count="0" type="cond" truecount="0" falsecount="2"/>
      <line num="170" count="0" type="stmt"/>
      <line num="172" count="0" type="cond" truecount="0" falsecount="4"/>
      <line num="173" count="0" type="stmt"/>
      <line num="174" count="0" type="stmt"/>
      <line num="175" count="0" type="cond" truecount="0" falsecount="2"/>
      <line num="176" count="0" type="stmt"/>
      <line num="179" count="0" type="stmt"/>
      <line num="182" count="0" type="cond" truecount="0" falsecount="4"/>
      <line num="183" count="0" type="stmt"/>
      <line num="184" count="0" type="stmt"/>
      <line num="185" count="0" type="stmt"/>
      <line num="187" count="0" type="stmt"/>
      <line num="188" count="0" type="stmt"/>
      <line num="189" count="0" type="stmt"/>
      <line num="192" count="0" type="cond" truecount="0" falsecount="5"/>
      <line num="193" count="0" type="stmt"/>
      <line num="194" count="0" type="stmt"/>
      <line num="196" count="0" type="stmt"/>
      <line num="198" count="0" type="cond" truecount="0" falsecount="5"/>
      <line num="199" count="0" type="stmt"/>
      <line num="200" count="0" type="cond" truecount="0" falsecount="5"/>
      <line num="201" count="0" type="stmt"/>
      <line num="203" count="0" type="stmt"/>
      <line num="205" count="0" type="stmt"/>
      <line num="207" count="0" type="cond" truecount="0" falsecount="5"/>
      <line num="208" count="0" type="stmt"/>
      <line num="209" count="0" type="cond" truecount="0" falsecount="4"/>
      <line num="210" count="0" type="stmt"/>
      <line num="212" count="0" type="cond" truecount="0" falsecount="4"/>
      <line num="213" count="0" type="stmt"/>
      <line num="215" count="0" type="cond" truecount="0" falsecount="4"/>
      <line num="216" count="0" type="stmt"/>
      <line num="218" count="0" type="stmt"/>
      <line num="219" count="0" type="stmt"/>
      <line num="221" count="0" type="stmt"/>
      <line num="223" count="2" type="stmt"/>
      <line num="224" count="2" type="cond" truecount="5" falsecount="0"/>
      <line num="225" count="1" type="stmt"/>
      <line num="227" count="2" type="stmt"/>
      <line num="231" count="2" type="stmt"/>
      <line num="233" count="4" type="stmt"/>
      <line num="236" count="1" type="stmt"/>
      <line num="237" count="6" type="stmt"/>
      <line num="238" count="6" type="stmt"/>
      <line num="239" count="6" type="stmt"/>
      <line num="240" count="6" type="stmt"/>
      <line num="241" count="6" type="stmt"/>
      <line num="242" count="6" type="cond" truecount="2" falsecount="0"/>
      <line num="245" count="4" type="stmt"/>
      <line num="249" count="4" type="stmt"/>
      <line num="281" count="2" type="stmt"/>
      <line num="288" count="0" type="stmt"/>
      <line num="289" count="0" type="stmt"/>
      <line num="295" count="6" type="stmt"/>
      <line num="298" count="6" type="stmt"/>
      <line num="299" count="2" type="stmt"/>
      <line num="302" count="6" type="stmt"/>
      <line num="303" count="4" type="cond" truecount="2" falsecount="0"/>
      <line num="304" count="2" type="stmt"/>
      <line num="305" count="2" type="cond" truecount="2" falsecount="0"/>
      <line num="312" count="6" type="stmt"/>
      <line num="313" count="2" type="cond" truecount="1" falsecount="1"/>
      <line num="317" count="6" type="stmt"/>
      <line num="318" count="0" type="stmt"/>
      <line num="321" count="6" type="stmt"/>
      <line num="322" count="0" type="stmt"/>
      <line num="325" count="6" type="stmt"/>
      <line num="326" count="0" type="stmt"/>
      <line num="329" count="6" type="stmt"/>
      <line num="344" count="1" type="stmt"/>
    </file>
  </project>
</coverage>
