{"/Users/aote/Desktop/react-echarts-draw-mark/src/index.tsx": {"path":"/Users/aote/Desktop/react-echarts-draw-mark/src/index.tsx","statementMap":{"0":{"start":{"line":1,"column":0},"end":{"line":1,"column":62}},"1":{"start":{"line":2,"column":0},"end":{"line":2,"column":45}},"2":{"start":{"line":3,"column":0},"end":{"line":3,"column":27}},"3":{"start":{"line":4,"column":0},"end":{"line":4,"column":30}},"4":{"start":{"line":7,"column":0},"end":{"line":7,"column":82}},"5":{"start":{"line":9,"column":20},"end":{"line":9,"column":22}},"6":{"start":{"line":27,"column":10},"end":{"line":27,"column":14}},"7":{"start":{"line":27,"column":16},"end":{"line":27,"column":24}},"8":{"start":{"line":27,"column":26},"end":{"line":27,"column":38}},"9":{"start":{"line":27,"column":40},"end":{"line":27,"column":52}},"10":{"start":{"line":27,"column":54},"end":{"line":27,"column":63}},"11":{"start":{"line":27,"column":65},"end":{"line":27,"column":78}},"12":{"start":{"line":27,"column":80},"end":{"line":27,"column":85}},"13":{"start":{"line":27,"column":87},"end":{"line":27,"column":91}},"14":{"start":{"line":28,"column":8},"end":{"line":28,"column":17}},"15":{"start":{"line":28,"column":19},"end":{"line":28,"column":27}},"16":{"start":{"line":29,"column":21},"end":{"line":29,"column":40}},"17":{"start":{"line":30,"column":2},"end":{"line":127,"column":null}},"18":{"start":{"line":32,"column":6},"end":{"line":39,"column":null}},"19":{"start":{"line":40,"column":6},"end":{"line":40,"column":11}},"20":{"start":{"line":42,"column":6},"end":{"line":44,"column":null}},"21":{"start":{"line":43,"column":8},"end":{"line":43,"column":13}},"22":{"start":{"line":45,"column":6},"end":{"line":48,"column":null}},"23":{"start":{"line":49,"column":6},"end":{"line":49,"column":11}},"24":{"start":{"line":52,"column":6},"end":{"line":54,"column":null}},"25":{"start":{"line":53,"column":8},"end":{"line":53,"column":13}},"26":{"start":{"line":55,"column":6},"end":{"line":58,"column":null}},"27":{"start":{"line":59,"column":6},"end":{"line":59,"column":11}},"28":{"start":{"line":61,"column":6},"end":{"line":63,"column":null}},"29":{"start":{"line":62,"column":8},"end":{"line":62,"column":13}},"30":{"start":{"line":64,"column":6},"end":{"line":66,"column":null}},"31":{"start":{"line":65,"column":8},"end":{"line":65,"column":null}},"32":{"start":{"line":67,"column":6},"end":{"line":76,"column":null}},"33":{"start":{"line":68,"column":8},"end":{"line":68,"column":null}},"34":{"start":{"line":69,"column":8},"end":{"line":69,"column":null}},"35":{"start":{"line":70,"column":8},"end":{"line":75,"column":null}},"36":{"start":{"line":71,"column":10},"end":{"line":73,"column":null}},"37":{"start":{"line":74,"column":10},"end":{"line":74,"column":15}},"38":{"start":{"line":77,"column":6},"end":{"line":81,"column":null}},"39":{"start":{"line":78,"column":8},"end":{"line":78,"column":null}},"40":{"start":{"line":79,"column":8},"end":{"line":79,"column":null}},"41":{"start":{"line":80,"column":8},"end":{"line":80,"column":13}},"42":{"start":{"line":82,"column":6},"end":{"line":82,"column":null}},"43":{"start":{"line":83,"column":6},"end":{"line":83,"column":null}},"44":{"start":{"line":84,"column":6},"end":{"line":84,"column":11}},"45":{"start":{"line":87,"column":6},"end":{"line":90,"column":null}},"46":{"start":{"line":88,"column":8},"end":{"line":88,"column":76}},"47":{"start":{"line":89,"column":8},"end":{"line":89,"column":null}},"48":{"start":{"line":91,"column":6},"end":{"line":91,"column":11}},"49":{"start":{"line":93,"column":6},"end":{"line":99,"column":null}},"50":{"start":{"line":94,"column":8},"end":{"line":94,"column":87}},"51":{"start":{"line":95,"column":8},"end":{"line":97,"column":null}},"52":{"start":{"line":96,"column":10},"end":{"line":96,"column":77}},"53":{"start":{"line":98,"column":8},"end":{"line":98,"column":null}},"54":{"start":{"line":100,"column":6},"end":{"line":100,"column":11}},"55":{"start":{"line":102,"column":6},"end":{"line":115,"column":null}},"56":{"start":{"line":103,"column":8},"end":{"line":103,"column":null}},"57":{"start":{"line":104,"column":8},"end":{"line":106,"column":null}},"58":{"start":{"line":105,"column":10},"end":{"line":105,"column":98}},"59":{"start":{"line":107,"column":8},"end":{"line":109,"column":null}},"60":{"start":{"line":108,"column":10},"end":{"line":108,"column":15}},"61":{"start":{"line":110,"column":8},"end":{"line":112,"column":null}},"62":{"start":{"line":111,"column":10},"end":{"line":111,"column":15}},"63":{"start":{"line":113,"column":8},"end":{"line":113,"column":null}},"64":{"start":{"line":114,"column":8},"end":{"line":114,"column":null}},"65":{"start":{"line":116,"column":6},"end":{"line":116,"column":11}},"66":{"start":{"line":118,"column":6},"end":{"line":118,"column":null}},"67":{"start":{"line":119,"column":6},"end":{"line":121,"column":null}},"68":{"start":{"line":120,"column":8},"end":{"line":120,"column":null}},"69":{"start":{"line":122,"column":6},"end":{"line":125,"column":null}},"70":{"start":{"line":126,"column":6},"end":{"line":126,"column":11}},"71":{"start":{"line":128,"column":2},"end":{"line":128,"column":null}},"72":{"start":{"line":131,"column":17},"end":{"line":241,"column":1}},"73":{"start":{"line":131,"column":20},"end":{"line":131,"column":28}},"74":{"start":{"line":131,"column":30},"end":{"line":131,"column":37}},"75":{"start":{"line":131,"column":39},"end":{"line":131,"column":47}},"76":{"start":{"line":131,"column":49},"end":{"line":131,"column":65}},"77":{"start":{"line":131,"column":67},"end":{"line":131,"column":72}},"78":{"start":{"line":133,"column":2},"end":{"line":136,"column":null}},"79":{"start":{"line":134,"column":4},"end":{"line":135,"column":null}},"80":{"start":{"line":138,"column":2},"end":{"line":140,"column":null}},"81":{"start":{"line":139,"column":4},"end":{"line":139,"column":null}},"82":{"start":{"line":142,"column":2},"end":{"line":142,"column":null}},"83":{"start":{"line":143,"column":2},"end":{"line":143,"column":null}},"84":{"start":{"line":145,"column":8},"end":{"line":145,"column":9}},"85":{"start":{"line":145,"column":9},"end":{"line":145,"column":13}},"86":{"start":{"line":145,"column":15},"end":{"line":145,"column":81}},"87":{"start":{"line":146,"column":2},"end":{"line":202,"column":null}},"88":{"start":{"line":147,"column":4},"end":{"line":200,"column":13}},"89":{"start":{"line":150,"column":8},"end":{"line":184,"column":null}},"90":{"start":{"line":154,"column":12},"end":{"line":154,"column":null}},"91":{"start":{"line":187,"column":8},"end":{"line":198,"column":null}},"92":{"start":{"line":194,"column":29},"end":{"line":194,"column":76}},"93":{"start":{"line":195,"column":12},"end":{"line":195,"column":null}},"94":{"start":{"line":201,"column":4},"end":{"line":201,"column":null}},"95":{"start":{"line":204,"column":8},"end":{"line":204,"column":9}},"96":{"start":{"line":204,"column":9},"end":{"line":204,"column":16}},"97":{"start":{"line":204,"column":18},"end":{"line":204,"column":59}},"98":{"start":{"line":205,"column":2},"end":{"line":213,"column":null}},"99":{"start":{"line":206,"column":4},"end":{"line":212,"column":null}},"100":{"start":{"line":207,"column":6},"end":{"line":207,"column":null}},"101":{"start":{"line":208,"column":6},"end":{"line":211,"column":null}},"102":{"start":{"line":217,"column":21},"end":{"line":219,"column":4}},"103":{"start":{"line":218,"column":4},"end":{"line":218,"column":null}},"104":{"start":{"line":221,"column":22},"end":{"line":223,"column":3}},"105":{"start":{"line":222,"column":4},"end":{"line":222,"column":null}},"106":{"start":{"line":225,"column":22},"end":{"line":227,"column":3}},"107":{"start":{"line":226,"column":4},"end":{"line":226,"column":null}},"108":{"start":{"line":229,"column":2},"end":{"line":240,"column":null}},"109":{"start":{"line":243,"column":0},"end":{"line":243,"column":null}}},"fnMap":{"0":{"name":"reducer","decl":{"start":{"line":12,"column":9},"end":{"line":12,"column":16}},"loc":{"start":{"line":26,"column":3},"end":{"line":129,"column":1}}},"1":{"name":"(anonymous_6)","decl":{"start":{"line":131,"column":17},"end":{"line":131,"column":18}},"loc":{"start":{"line":131,"column":81},"end":{"line":241,"column":1}}},"2":{"name":"(anonymous_7)","decl":{"start":{"line":133,"column":12},"end":{"line":133,"column":null}},"loc":{"start":{"line":133,"column":12},"end":{"line":136,"column":3}}},"3":{"name":"(anonymous_8)","decl":{"start":{"line":138,"column":12},"end":{"line":138,"column":null}},"loc":{"start":{"line":138,"column":12},"end":{"line":140,"column":3}}},"4":{"name":"(anonymous_9)","decl":{"start":{"line":146,"column":12},"end":{"line":146,"column":null}},"loc":{"start":{"line":146,"column":12},"end":{"line":202,"column":3}}},"5":{"name":"(anonymous_10)","decl":{"start":{"line":149,"column":33},"end":{"line":149,"column":34}},"loc":{"start":{"line":149,"column":106},"end":{"line":185,"column":7}}},"6":{"name":"(anonymous_11)","decl":{"start":{"line":153,"column":33},"end":{"line":153,"column":34}},"loc":{"start":{"line":153,"column":34},"end":{"line":155,"column":11}}},"7":{"name":"(anonymous_12)","decl":{"start":{"line":186,"column":106},"end":{"line":186,"column":107}},"loc":{"start":{"line":186,"column":138},"end":{"line":199,"column":7}}},"8":{"name":"(anonymous_13)","decl":{"start":{"line":193,"column":40},"end":{"line":193,"column":61}},"loc":{"start":{"line":193,"column":78},"end":{"line":196,"column":11}}},"9":{"name":"(anonymous_14)","decl":{"start":{"line":205,"column":12},"end":{"line":205,"column":null}},"loc":{"start":{"line":205,"column":12},"end":{"line":213,"column":3}}},"10":{"name":"(anonymous_15)","decl":{"start":{"line":217,"column":29},"end":{"line":217,"column":30}},"loc":{"start":{"line":217,"column":60},"end":{"line":219,"column":3}}},"11":{"name":"(anonymous_16)","decl":{"start":{"line":221,"column":22},"end":{"line":221,"column":23}},"loc":{"start":{"line":221,"column":80},"end":{"line":223,"column":3}}},"12":{"name":"(anonymous_17)","decl":{"start":{"line":225,"column":22},"end":{"line":225,"column":23}},"loc":{"start":{"line":225,"column":43},"end":{"line":227,"column":3}}}},"branchMap":{"0":{"loc":{"start":{"line":31,"column":4},"end":{"line":40,"column":11}},"type":"switch","locations":[{"start":{"line":31,"column":4},"end":{"line":40,"column":11}},{"start":{"line":41,"column":4},"end":{"line":49,"column":11}},{"start":{"line":51,"column":4},"end":{"line":59,"column":11}},{"start":{"line":60,"column":4},"end":{"line":84,"column":11}},{"start":{"line":86,"column":4},"end":{"line":91,"column":11}},{"start":{"line":92,"column":4},"end":{"line":100,"column":11}},{"start":{"line":101,"column":4},"end":{"line":116,"column":11}},{"start":{"line":117,"column":4},"end":{"line":126,"column":11}}]},"1":{"loc":{"start":{"line":34,"column":33},"end":{"line":34,"column":42}},"type":"cond-expr","locations":[{"start":{"line":34,"column":33},"end":{"line":34,"column":42}},{"start":{"line":34,"column":45},"end":{"line":34,"column":51}}]},"2":{"loc":{"start":{"line":42,"column":6},"end":{"line":44,"column":null}},"type":"if","locations":[{"start":{"line":42,"column":6},"end":{"line":44,"column":null}},{"start":{"line":42,"column":6},"end":{"line":44,"column":null}}]},"3":{"loc":{"start":{"line":52,"column":6},"end":{"line":54,"column":null}},"type":"if","locations":[{"start":{"line":52,"column":6},"end":{"line":54,"column":null}},{"start":{"line":52,"column":6},"end":{"line":54,"column":null}}]},"4":{"loc":{"start":{"line":61,"column":6},"end":{"line":63,"column":null}},"type":"if","locations":[{"start":{"line":61,"column":6},"end":{"line":63,"column":null}},{"start":{"line":61,"column":6},"end":{"line":63,"column":null}}]},"5":{"loc":{"start":{"line":61,"column":10},"end":{"line":61,"column":23}},"type":"binary-expr","locations":[{"start":{"line":61,"column":10},"end":{"line":61,"column":23}},{"start":{"line":61,"column":27},"end":{"line":61,"column":44}},{"start":{"line":61,"column":48},"end":{"line":61,"column":57}}]},"6":{"loc":{"start":{"line":64,"column":6},"end":{"line":66,"column":null}},"type":"if","locations":[{"start":{"line":64,"column":6},"end":{"line":66,"column":null}},{"start":{"line":64,"column":6},"end":{"line":66,"column":null}}]},"7":{"loc":{"start":{"line":67,"column":6},"end":{"line":76,"column":null}},"type":"if","locations":[{"start":{"line":67,"column":6},"end":{"line":76,"column":null}},{"start":{"line":67,"column":6},"end":{"line":76,"column":null}}]},"8":{"loc":{"start":{"line":67,"column":10},"end":{"line":67,"column":41}},"type":"binary-expr","locations":[{"start":{"line":67,"column":10},"end":{"line":67,"column":41}},{"start":{"line":67,"column":45},"end":{"line":67,"column":76}}]},"9":{"loc":{"start":{"line":70,"column":8},"end":{"line":75,"column":null}},"type":"if","locations":[{"start":{"line":70,"column":8},"end":{"line":75,"column":null}},{"start":{"line":70,"column":8},"end":{"line":75,"column":null}}]},"10":{"loc":{"start":{"line":77,"column":6},"end":{"line":81,"column":null}},"type":"if","locations":[{"start":{"line":77,"column":6},"end":{"line":81,"column":null}},{"start":{"line":77,"column":6},"end":{"line":81,"column":null}}]},"11":{"loc":{"start":{"line":77,"column":10},"end":{"line":77,"column":39}},"type":"binary-expr","locations":[{"start":{"line":77,"column":10},"end":{"line":77,"column":39}},{"start":{"line":77,"column":43},"end":{"line":77,"column":74}}]},"12":{"loc":{"start":{"line":87,"column":6},"end":{"line":90,"column":null}},"type":"if","locations":[{"start":{"line":87,"column":6},"end":{"line":90,"column":null}},{"start":{"line":87,"column":6},"end":{"line":90,"column":null}}]},"13":{"loc":{"start":{"line":87,"column":10},"end":{"line":87,"column":22}},"type":"binary-expr","locations":[{"start":{"line":87,"column":10},"end":{"line":87,"column":22}},{"start":{"line":87,"column":26},"end":{"line":87,"column":44}},{"start":{"line":87,"column":48},"end":{"line":87,"column":79}}]},"14":{"loc":{"start":{"line":93,"column":6},"end":{"line":99,"column":null}},"type":"if","locations":[{"start":{"line":93,"column":6},"end":{"line":99,"column":null}},{"start":{"line":93,"column":6},"end":{"line":99,"column":null}}]},"15":{"loc":{"start":{"line":93,"column":10},"end":{"line":93,"column":22}},"type":"binary-expr","locations":[{"start":{"line":93,"column":10},"end":{"line":93,"column":22}},{"start":{"line":93,"column":26},"end":{"line":93,"column":57}},{"start":{"line":93,"column":61},"end":{"line":93,"column":94}}]},"16":{"loc":{"start":{"line":95,"column":8},"end":{"line":97,"column":null}},"type":"if","locations":[{"start":{"line":95,"column":8},"end":{"line":97,"column":null}},{"start":{"line":95,"column":8},"end":{"line":97,"column":null}}]},"17":{"loc":{"start":{"line":95,"column":12},"end":{"line":95,"column":43}},"type":"binary-expr","locations":[{"start":{"line":95,"column":12},"end":{"line":95,"column":43}},{"start":{"line":95,"column":47},"end":{"line":95,"column":64}},{"start":{"line":95,"column":68},"end":{"line":95,"column":124}}]},"18":{"loc":{"start":{"line":102,"column":6},"end":{"line":115,"column":null}},"type":"if","locations":[{"start":{"line":102,"column":6},"end":{"line":115,"column":null}},{"start":{"line":102,"column":6},"end":{"line":115,"column":null}}]},"19":{"loc":{"start":{"line":102,"column":10},"end":{"line":102,"column":22}},"type":"binary-expr","locations":[{"start":{"line":102,"column":10},"end":{"line":102,"column":22}},{"start":{"line":102,"column":26},"end":{"line":102,"column":44}},{"start":{"line":102,"column":48},"end":{"line":102,"column":79}}]},"20":{"loc":{"start":{"line":104,"column":8},"end":{"line":106,"column":null}},"type":"if","locations":[{"start":{"line":104,"column":8},"end":{"line":106,"column":null}},{"start":{"line":104,"column":8},"end":{"line":106,"column":null}}]},"21":{"loc":{"start":{"line":104,"column":12},"end":{"line":104,"column":43}},"type":"binary-expr","locations":[{"start":{"line":104,"column":12},"end":{"line":104,"column":43}},{"start":{"line":104,"column":47},"end":{"line":104,"column":78}}]},"22":{"loc":{"start":{"line":107,"column":8},"end":{"line":109,"column":null}},"type":"if","locations":[{"start":{"line":107,"column":8},"end":{"line":109,"column":null}},{"start":{"line":107,"column":8},"end":{"line":109,"column":null}}]},"23":{"loc":{"start":{"line":107,"column":12},"end":{"line":107,"column":43}},"type":"binary-expr","locations":[{"start":{"line":107,"column":12},"end":{"line":107,"column":43}},{"start":{"line":107,"column":47},"end":{"line":107,"column":79}}]},"24":{"loc":{"start":{"line":110,"column":8},"end":{"line":112,"column":null}},"type":"if","locations":[{"start":{"line":110,"column":8},"end":{"line":112,"column":null}},{"start":{"line":110,"column":8},"end":{"line":112,"column":null}}]},"25":{"loc":{"start":{"line":110,"column":12},"end":{"line":110,"column":40}},"type":"binary-expr","locations":[{"start":{"line":110,"column":12},"end":{"line":110,"column":40}},{"start":{"line":110,"column":44},"end":{"line":110,"column":75}}]},"26":{"loc":{"start":{"line":119,"column":6},"end":{"line":121,"column":null}},"type":"if","locations":[{"start":{"line":119,"column":6},"end":{"line":121,"column":null}},{"start":{"line":119,"column":6},"end":{"line":121,"column":null}}]},"27":{"loc":{"start":{"line":119,"column":10},"end":{"line":119,"column":23}},"type":"binary-expr","locations":[{"start":{"line":119,"column":10},"end":{"line":119,"column":23}},{"start":{"line":119,"column":27},"end":{"line":119,"column":43}},{"start":{"line":119,"column":47},"end":{"line":119,"column":82}}]},"28":{"loc":{"start":{"line":131,"column":49},"end":{"line":131,"column":65}},"type":"cond-expr","locations":[{"start":{"line":131,"column":49},"end":{"line":131,"column":65}},{"start":{"line":131,"column":49},"end":{"line":131,"column":65}}]},"29":{"loc":{"start":{"line":134,"column":4},"end":{"line":134,"column":35}},"type":"binary-expr","locations":[{"start":{"line":134,"column":4},"end":{"line":134,"column":35}},{"start":{"line":135,"column":6},"end":{"line":135,"column":53}}]},"30":{"loc":{"start":{"line":147,"column":4},"end":{"line":147,"column":11}},"type":"binary-expr","locations":[{"start":{"line":147,"column":4},"end":{"line":147,"column":11}},{"start":{"line":147,"column":15},"end":{"line":200,"column":12}}]},"31":{"loc":{"start":{"line":152,"column":48},"end":{"line":152,"column":59}},"type":"cond-expr","locations":[{"start":{"line":152,"column":48},"end":{"line":152,"column":59}},{"start":{"line":152,"column":62},"end":{"line":152,"column":63}}]},"32":{"loc":{"start":{"line":162,"column":20},"end":{"line":162,"column":41}},"type":"binary-expr","locations":[{"start":{"line":162,"column":20},"end":{"line":162,"column":41}},{"start":{"line":162,"column":45},"end":{"line":183,"column":null}}]},"33":{"loc":{"start":{"line":164,"column":18},"end":{"line":164,"column":33}},"type":"binary-expr","locations":[{"start":{"line":164,"column":18},"end":{"line":164,"column":33}},{"start":{"line":164,"column":37},"end":{"line":182,"column":null}}]},"34":{"loc":{"start":{"line":186,"column":47},"end":{"line":199,"column":8}},"type":"cond-expr","locations":[{"start":{"line":186,"column":47},"end":{"line":199,"column":8}},{"start":{"line":199,"column":11},"end":{"line":199,"column":15}}]},"35":{"loc":{"start":{"line":206,"column":4},"end":{"line":212,"column":null}},"type":"if","locations":[{"start":{"line":206,"column":4},"end":{"line":212,"column":null}},{"start":{"line":206,"column":4},"end":{"line":212,"column":null}}]},"36":{"loc":{"start":{"line":208,"column":6},"end":{"line":208,"column":13}},"type":"binary-expr","locations":[{"start":{"line":208,"column":6},"end":{"line":208,"column":13}},{"start":{"line":208,"column":17},"end":{"line":211,"column":8}}]}},"s":{"0":1,"1":1,"2":1,"3":1,"4":1,"5":1,"6":35,"7":35,"8":35,"9":35,"10":35,"11":35,"12":35,"13":35,"14":35,"15":35,"16":35,"17":35,"18":4,"19":4,"20":1,"21":0,"22":1,"23":1,"24":8,"25":0,"26":8,"27":8,"28":11,"29":0,"30":11,"31":3,"32":11,"33":1,"34":1,"35":1,"36":1,"37":1,"38":10,"39":1,"40":1,"41":1,"42":9,"43":9,"44":9,"45":0,"46":0,"47":0,"48":0,"49":0,"50":0,"51":0,"52":0,"53":0,"54":0,"55":3,"56":2,"57":2,"58":0,"59":2,"60":1,"61":1,"62":0,"63":1,"64":1,"65":2,"66":8,"67":8,"68":7,"69":8,"70":8,"71":35,"72":1,"73":31,"74":31,"75":31,"76":62,"77":31,"78":31,"79":8,"80":31,"81":8,"82":31,"83":31,"84":31,"85":31,"86":31,"87":31,"88":31,"89":20,"90":28,"91":23,"92":0,"93":0,"94":31,"95":31,"96":31,"97":31,"98":31,"99":16,"100":8,"101":8,"102":31,"103":14,"104":31,"105":4,"106":31,"107":1,"108":31,"109":1},"f":{"0":35,"1":31,"2":8,"3":8,"4":31,"5":20,"6":28,"7":23,"8":0,"9":16,"10":14,"11":4,"12":1},"b":{"0":[4,1,8,11,0,0,3,8],"1":[4,0],"2":[0,1],"3":[0,8],"4":[0,11],"5":[11,11,11],"6":[3,8],"7":[1,10],"8":[11,6],"9":[1,0],"10":[1,9],"11":[10,2],"12":[0,0],"13":[0,0,0],"14":[0,0],"15":[0,0,0],"16":[0,0],"17":[0,0,0],"18":[2,1],"19":[3,3,2],"20":[0,2],"21":[2,1],"22":[1,1],"23":[2,1],"24":[0,1],"25":[1,1],"26":[7,1],"27":[8,2,2],"28":[31,0],"29":[8,0],"30":[31,23],"31":[16,4],"32":[20,3],"33":[3,2],"34":[16,7],"35":[8,8],"36":[8,6]}}
,"/Users/aote/Desktop/react-echarts-draw-mark/src/utils.ts": {"path":"/Users/aote/Desktop/react-echarts-draw-mark/src/utils.ts","statementMap":{"0":{"start":{"line":1,"column":0},"end":{"line":1,"column":27}},"1":{"start":{"line":4,"column":13},"end":{"line":34,"column":null}},"2":{"start":{"line":36,"column":13},"end":{"line":39,"column":null}},"3":{"start":{"line":37,"column":14},"end":{"line":37,"column":100}},"4":{"start":{"line":38,"column":4},"end":{"line":38,"column":13}},"5":{"start":{"line":42,"column":13},"end":{"line":50,"column":null}},"6":{"start":{"line":43,"column":20},"end":{"line":43,"column":46}},"7":{"start":{"line":44,"column":20},"end":{"line":44,"column":46}},"8":{"start":{"line":45,"column":24},"end":{"line":45,"column":56}},"9":{"start":{"line":46,"column":25},"end":{"line":46,"column":58}},"10":{"start":{"line":47,"column":14},"end":{"line":47,"column":46}},"11":{"start":{"line":48,"column":14},"end":{"line":48,"column":47}},"12":{"start":{"line":49,"column":4},"end":{"line":49,"column":18}},"13":{"start":{"line":52,"column":15},"end":{"line":59,"column":null}},"14":{"start":{"line":53,"column":24},"end":{"line":53,"column":25}},"15":{"start":{"line":54,"column":21},"end":{"line":54,"column":62}},"16":{"start":{"line":55,"column":4},"end":{"line":57,"column":null}},"17":{"start":{"line":56,"column":6},"end":{"line":56,"column":null}},"18":{"start":{"line":58,"column":4},"end":{"line":58,"column":null}},"19":{"start":{"line":61,"column":15},"end":{"line":63,"column":null}},"20":{"start":{"line":62,"column":4},"end":{"line":62,"column":null}},"21":{"start":{"line":65,"column":15},"end":{"line":67,"column":null}},"22":{"start":{"line":66,"column":4},"end":{"line":66,"column":null}},"23":{"start":{"line":69,"column":15},"end":{"line":77,"column":4}},"24":{"start":{"line":70,"column":4},"end":{"line":76,"column":null}}},"fnMap":{"0":{"name":"(anonymous_1)","decl":{"start":{"line":36,"column":27},"end":{"line":36,"column":28}},"loc":{"start":{"line":36,"column":60},"end":{"line":39,"column":1}}},"1":{"name":"(anonymous_2)","decl":{"start":{"line":42,"column":24},"end":{"line":42,"column":25}},"loc":{"start":{"line":42,"column":57},"end":{"line":50,"column":3}}},"2":{"name":"(anonymous_3)","decl":{"start":{"line":52,"column":26},"end":{"line":52,"column":27}},"loc":{"start":{"line":52,"column":71},"end":{"line":59,"column":3}}},"3":{"name":"(anonymous_4)","decl":{"start":{"line":61,"column":25},"end":{"line":61,"column":26}},"loc":{"start":{"line":61,"column":42},"end":{"line":63,"column":3}}},"4":{"name":"(anonymous_5)","decl":{"start":{"line":65,"column":26},"end":{"line":65,"column":27}},"loc":{"start":{"line":65,"column":43},"end":{"line":67,"column":3}}},"5":{"name":"(anonymous_6)","decl":{"start":{"line":69,"column":29},"end":{"line":69,"column":30}},"loc":{"start":{"line":69,"column":90},"end":{"line":77,"column":3}}}},"branchMap":{"0":{"loc":{"start":{"line":43,"column":20},"end":{"line":43,"column":41}},"type":"binary-expr","locations":[{"start":{"line":43,"column":20},"end":{"line":43,"column":41}},{"start":{"line":43,"column":45},"end":{"line":43,"column":46}}]},"1":{"loc":{"start":{"line":44,"column":20},"end":{"line":44,"column":41}},"type":"binary-expr","locations":[{"start":{"line":44,"column":20},"end":{"line":44,"column":41}},{"start":{"line":44,"column":45},"end":{"line":44,"column":46}}]},"2":{"loc":{"start":{"line":45,"column":24},"end":{"line":45,"column":51}},"type":"binary-expr","locations":[{"start":{"line":45,"column":24},"end":{"line":45,"column":51}},{"start":{"line":45,"column":55},"end":{"line":45,"column":56}}]},"3":{"loc":{"start":{"line":46,"column":25},"end":{"line":46,"column":53}},"type":"binary-expr","locations":[{"start":{"line":46,"column":25},"end":{"line":46,"column":53}},{"start":{"line":46,"column":57},"end":{"line":46,"column":58}}]},"4":{"loc":{"start":{"line":47,"column":14},"end":{"line":47,"column":41}},"type":"binary-expr","locations":[{"start":{"line":47,"column":14},"end":{"line":47,"column":41}},{"start":{"line":47,"column":45},"end":{"line":47,"column":46}}]},"5":{"loc":{"start":{"line":48,"column":14},"end":{"line":48,"column":42}},"type":"binary-expr","locations":[{"start":{"line":48,"column":14},"end":{"line":48,"column":42}},{"start":{"line":48,"column":46},"end":{"line":48,"column":47}}]},"6":{"loc":{"start":{"line":55,"column":4},"end":{"line":57,"column":null}},"type":"if","locations":[{"start":{"line":55,"column":4},"end":{"line":57,"column":null}},{"start":{"line":55,"column":4},"end":{"line":57,"column":null}}]}},"s":{"0":1,"1":1,"2":1,"3":1,"4":1,"5":1,"6":14,"7":14,"8":14,"9":14,"10":14,"11":14,"12":14,"13":1,"14":1,"15":1,"16":1,"17":0,"18":1,"19":1,"20":1,"21":1,"22":1,"23":1,"24":4},"f":{"0":1,"1":14,"2":1,"3":1,"4":1,"5":4},"b":{"0":[14,14],"1":[14,14],"2":[14,14],"3":[14,14],"4":[14,14],"5":[14,14],"6":[0,1]}}
}
