{"/Users/aote/Desktop/react-echarts-draw-mark/src/index.tsx": {"path":"/Users/aote/Desktop/react-echarts-draw-mark/src/index.tsx","statementMap":{"0":{"start":{"line":1,"column":0},"end":{"line":1,"column":25}},"1":{"start":{"line":2,"column":0},"end":{"line":2,"column":58}},"2":{"start":{"line":3,"column":0},"end":{"line":3,"column":27}},"3":{"start":{"line":4,"column":0},"end":{"line":4,"column":42}},"4":{"start":{"line":5,"column":0},"end":{"line":5,"column":32}},"5":{"start":{"line":6,"column":0},"end":{"line":6,"column":39}},"6":{"start":{"line":7,"column":0},"end":{"line":7,"column":40}},"7":{"start":{"line":8,"column":0},"end":{"line":8,"column":56}},"8":{"start":{"line":42,"column":18},"end":{"line":72,"column":null}},"9":{"start":{"line":74,"column":20},"end":{"line":77,"column":1}},"10":{"start":{"line":75,"column":12},"end":{"line":75,"column":118}},"11":{"start":{"line":76,"column":2},"end":{"line":76,"column":11}},"12":{"start":{"line":79,"column":17},"end":{"line":87,"column":1}},"13":{"start":{"line":80,"column":18},"end":{"line":80,"column":44}},"14":{"start":{"line":81,"column":18},"end":{"line":81,"column":44}},"15":{"start":{"line":82,"column":22},"end":{"line":82,"column":54}},"16":{"start":{"line":83,"column":23},"end":{"line":83,"column":56}},"17":{"start":{"line":84,"column":12},"end":{"line":84,"column":44}},"18":{"start":{"line":85,"column":12},"end":{"line":85,"column":45}},"19":{"start":{"line":86,"column":2},"end":{"line":86,"column":16}},"20":{"start":{"line":89,"column":17},"end":{"line":96,"column":1}},"21":{"start":{"line":90,"column":22},"end":{"line":90,"column":23}},"22":{"start":{"line":91,"column":19},"end":{"line":91,"column":60}},"23":{"start":{"line":92,"column":2},"end":{"line":94,"column":null}},"24":{"start":{"line":93,"column":4},"end":{"line":93,"column":null}},"25":{"start":{"line":95,"column":2},"end":{"line":95,"column":null}},"26":{"start":{"line":98,"column":16},"end":{"line":100,"column":1}},"27":{"start":{"line":99,"column":2},"end":{"line":99,"column":null}},"28":{"start":{"line":102,"column":17},"end":{"line":104,"column":1}},"29":{"start":{"line":103,"column":2},"end":{"line":103,"column":null}},"30":{"start":{"line":106,"column":14},"end":{"line":114,"column":1}},"31":{"start":{"line":107,"column":2},"end":{"line":113,"column":null}},"32":{"start":{"line":131,"column":10},"end":{"line":131,"column":14}},"33":{"start":{"line":131,"column":16},"end":{"line":131,"column":24}},"34":{"start":{"line":131,"column":26},"end":{"line":131,"column":38}},"35":{"start":{"line":131,"column":40},"end":{"line":131,"column":52}},"36":{"start":{"line":131,"column":54},"end":{"line":131,"column":63}},"37":{"start":{"line":131,"column":65},"end":{"line":131,"column":78}},"38":{"start":{"line":131,"column":80},"end":{"line":131,"column":85}},"39":{"start":{"line":131,"column":87},"end":{"line":131,"column":91}},"40":{"start":{"line":132,"column":8},"end":{"line":132,"column":17}},"41":{"start":{"line":132,"column":19},"end":{"line":132,"column":27}},"42":{"start":{"line":133,"column":21},"end":{"line":133,"column":40}},"43":{"start":{"line":134,"column":2},"end":{"line":232,"column":null}},"44":{"start":{"line":136,"column":6},"end":{"line":143,"column":null}},"45":{"start":{"line":144,"column":6},"end":{"line":144,"column":11}},"46":{"start":{"line":146,"column":6},"end":{"line":148,"column":null}},"47":{"start":{"line":147,"column":8},"end":{"line":147,"column":13}},"48":{"start":{"line":149,"column":6},"end":{"line":152,"column":null}},"49":{"start":{"line":153,"column":6},"end":{"line":153,"column":11}},"50":{"start":{"line":156,"column":6},"end":{"line":158,"column":null}},"51":{"start":{"line":157,"column":8},"end":{"line":157,"column":13}},"52":{"start":{"line":159,"column":6},"end":{"line":162,"column":null}},"53":{"start":{"line":163,"column":6},"end":{"line":163,"column":11}},"54":{"start":{"line":166,"column":6},"end":{"line":168,"column":null}},"55":{"start":{"line":167,"column":8},"end":{"line":167,"column":13}},"56":{"start":{"line":169,"column":6},"end":{"line":171,"column":null}},"57":{"start":{"line":170,"column":8},"end":{"line":170,"column":null}},"58":{"start":{"line":172,"column":6},"end":{"line":181,"column":null}},"59":{"start":{"line":173,"column":8},"end":{"line":173,"column":null}},"60":{"start":{"line":174,"column":8},"end":{"line":174,"column":null}},"61":{"start":{"line":175,"column":8},"end":{"line":180,"column":null}},"62":{"start":{"line":176,"column":10},"end":{"line":178,"column":null}},"63":{"start":{"line":179,"column":10},"end":{"line":179,"column":15}},"64":{"start":{"line":182,"column":6},"end":{"line":186,"column":null}},"65":{"start":{"line":183,"column":8},"end":{"line":183,"column":null}},"66":{"start":{"line":184,"column":8},"end":{"line":184,"column":null}},"67":{"start":{"line":185,"column":8},"end":{"line":185,"column":13}},"68":{"start":{"line":187,"column":6},"end":{"line":187,"column":null}},"69":{"start":{"line":188,"column":6},"end":{"line":188,"column":null}},"70":{"start":{"line":189,"column":6},"end":{"line":189,"column":11}},"71":{"start":{"line":192,"column":6},"end":{"line":195,"column":null}},"72":{"start":{"line":193,"column":8},"end":{"line":193,"column":76}},"73":{"start":{"line":194,"column":8},"end":{"line":194,"column":null}},"74":{"start":{"line":196,"column":6},"end":{"line":196,"column":11}},"75":{"start":{"line":198,"column":6},"end":{"line":204,"column":null}},"76":{"start":{"line":199,"column":8},"end":{"line":199,"column":87}},"77":{"start":{"line":200,"column":8},"end":{"line":202,"column":null}},"78":{"start":{"line":201,"column":10},"end":{"line":201,"column":77}},"79":{"start":{"line":203,"column":8},"end":{"line":203,"column":null}},"80":{"start":{"line":205,"column":6},"end":{"line":205,"column":11}},"81":{"start":{"line":207,"column":6},"end":{"line":220,"column":null}},"82":{"start":{"line":208,"column":8},"end":{"line":208,"column":null}},"83":{"start":{"line":209,"column":8},"end":{"line":211,"column":null}},"84":{"start":{"line":210,"column":10},"end":{"line":210,"column":98}},"85":{"start":{"line":212,"column":8},"end":{"line":214,"column":null}},"86":{"start":{"line":213,"column":10},"end":{"line":213,"column":15}},"87":{"start":{"line":215,"column":8},"end":{"line":217,"column":null}},"88":{"start":{"line":216,"column":10},"end":{"line":216,"column":15}},"89":{"start":{"line":218,"column":8},"end":{"line":218,"column":null}},"90":{"start":{"line":219,"column":8},"end":{"line":219,"column":null}},"91":{"start":{"line":221,"column":6},"end":{"line":221,"column":11}},"92":{"start":{"line":223,"column":6},"end":{"line":223,"column":null}},"93":{"start":{"line":224,"column":6},"end":{"line":226,"column":null}},"94":{"start":{"line":225,"column":8},"end":{"line":225,"column":null}},"95":{"start":{"line":227,"column":6},"end":{"line":230,"column":null}},"96":{"start":{"line":231,"column":6},"end":{"line":231,"column":11}},"97":{"start":{"line":233,"column":2},"end":{"line":233,"column":null}},"98":{"start":{"line":236,"column":17},"end":{"line":342,"column":1}},"99":{"start":{"line":237,"column":8},"end":{"line":237,"column":9}},"100":{"start":{"line":237,"column":9},"end":{"line":237,"column":16}},"101":{"start":{"line":237,"column":18},"end":{"line":237,"column":59}},"102":{"start":{"line":238,"column":8},"end":{"line":238,"column":9}},"103":{"start":{"line":238,"column":9},"end":{"line":238,"column":13}},"104":{"start":{"line":238,"column":15},"end":{"line":238,"column":87}},"105":{"start":{"line":239,"column":2},"end":{"line":239,"column":null}},"106":{"start":{"line":240,"column":2},"end":{"line":240,"column":null}},"107":{"start":{"line":241,"column":2},"end":{"line":296,"column":null}},"108":{"start":{"line":242,"column":4},"end":{"line":294,"column":13}},"109":{"start":{"line":245,"column":8},"end":{"line":278,"column":null}},"110":{"start":{"line":249,"column":12},"end":{"line":249,"column":null}},"111":{"start":{"line":281,"column":8},"end":{"line":292,"column":null}},"112":{"start":{"line":288,"column":29},"end":{"line":288,"column":76}},"113":{"start":{"line":289,"column":12},"end":{"line":289,"column":null}},"114":{"start":{"line":295,"column":4},"end":{"line":295,"column":null}},"115":{"start":{"line":298,"column":2},"end":{"line":300,"column":null}},"116":{"start":{"line":299,"column":4},"end":{"line":299,"column":null}},"117":{"start":{"line":302,"column":2},"end":{"line":310,"column":null}},"118":{"start":{"line":303,"column":4},"end":{"line":309,"column":null}},"119":{"start":{"line":304,"column":6},"end":{"line":304,"column":null}},"120":{"start":{"line":305,"column":6},"end":{"line":308,"column":null}},"121":{"start":{"line":312,"column":2},"end":{"line":315,"column":null}},"122":{"start":{"line":313,"column":4},"end":{"line":314,"column":null}},"123":{"start":{"line":317,"column":21},"end":{"line":319,"column":4}},"124":{"start":{"line":318,"column":4},"end":{"line":318,"column":null}},"125":{"start":{"line":321,"column":22},"end":{"line":323,"column":3}},"126":{"start":{"line":322,"column":4},"end":{"line":322,"column":null}},"127":{"start":{"line":325,"column":22},"end":{"line":327,"column":3}},"128":{"start":{"line":326,"column":4},"end":{"line":326,"column":null}},"129":{"start":{"line":329,"column":2},"end":{"line":341,"column":null}},"130":{"start":{"line":344,"column":0},"end":{"line":344,"column":null}}},"fnMap":{"0":{"name":"(anonymous_5)","decl":{"start":{"line":74,"column":20},"end":{"line":74,"column":21}},"loc":{"start":{"line":74,"column":53},"end":{"line":77,"column":1}}},"1":{"name":"(anonymous_6)","decl":{"start":{"line":79,"column":17},"end":{"line":79,"column":18}},"loc":{"start":{"line":79,"column":50},"end":{"line":87,"column":1}}},"2":{"name":"(anonymous_7)","decl":{"start":{"line":89,"column":17},"end":{"line":89,"column":18}},"loc":{"start":{"line":89,"column":62},"end":{"line":96,"column":1}}},"3":{"name":"(anonymous_8)","decl":{"start":{"line":98,"column":16},"end":{"line":98,"column":17}},"loc":{"start":{"line":98,"column":33},"end":{"line":100,"column":1}}},"4":{"name":"(anonymous_9)","decl":{"start":{"line":102,"column":17},"end":{"line":102,"column":18}},"loc":{"start":{"line":102,"column":34},"end":{"line":104,"column":1}}},"5":{"name":"(anonymous_10)","decl":{"start":{"line":106,"column":14},"end":{"line":106,"column":15}},"loc":{"start":{"line":106,"column":75},"end":{"line":114,"column":1}}},"6":{"name":"reducer","decl":{"start":{"line":116,"column":9},"end":{"line":116,"column":16}},"loc":{"start":{"line":130,"column":3},"end":{"line":234,"column":1}}},"7":{"name":"(anonymous_12)","decl":{"start":{"line":236,"column":17},"end":{"line":236,"column":18}},"loc":{"start":{"line":236,"column":30},"end":{"line":342,"column":1}}},"8":{"name":"(anonymous_13)","decl":{"start":{"line":241,"column":12},"end":{"line":241,"column":null}},"loc":{"start":{"line":241,"column":12},"end":{"line":296,"column":3}}},"9":{"name":"(anonymous_14)","decl":{"start":{"line":244,"column":33},"end":{"line":244,"column":34}},"loc":{"start":{"line":244,"column":106},"end":{"line":279,"column":7}}},"10":{"name":"(anonymous_15)","decl":{"start":{"line":248,"column":33},"end":{"line":248,"column":34}},"loc":{"start":{"line":248,"column":34},"end":{"line":250,"column":11}}},"11":{"name":"(anonymous_16)","decl":{"start":{"line":280,"column":106},"end":{"line":280,"column":107}},"loc":{"start":{"line":280,"column":138},"end":{"line":293,"column":7}}},"12":{"name":"(anonymous_17)","decl":{"start":{"line":287,"column":40},"end":{"line":287,"column":61}},"loc":{"start":{"line":287,"column":78},"end":{"line":290,"column":11}}},"13":{"name":"(anonymous_18)","decl":{"start":{"line":298,"column":12},"end":{"line":298,"column":null}},"loc":{"start":{"line":298,"column":12},"end":{"line":300,"column":3}}},"14":{"name":"(anonymous_19)","decl":{"start":{"line":302,"column":12},"end":{"line":302,"column":null}},"loc":{"start":{"line":302,"column":12},"end":{"line":310,"column":3}}},"15":{"name":"(anonymous_20)","decl":{"start":{"line":312,"column":12},"end":{"line":312,"column":null}},"loc":{"start":{"line":312,"column":12},"end":{"line":315,"column":3}}},"16":{"name":"(anonymous_21)","decl":{"start":{"line":317,"column":29},"end":{"line":317,"column":30}},"loc":{"start":{"line":317,"column":60},"end":{"line":319,"column":3}}},"17":{"name":"(anonymous_22)","decl":{"start":{"line":321,"column":22},"end":{"line":321,"column":23}},"loc":{"start":{"line":321,"column":80},"end":{"line":323,"column":3}}},"18":{"name":"(anonymous_23)","decl":{"start":{"line":325,"column":22},"end":{"line":325,"column":23}},"loc":{"start":{"line":325,"column":43},"end":{"line":327,"column":3}}}},"branchMap":{"0":{"loc":{"start":{"line":80,"column":18},"end":{"line":80,"column":39}},"type":"binary-expr","locations":[{"start":{"line":80,"column":18},"end":{"line":80,"column":39}},{"start":{"line":80,"column":43},"end":{"line":80,"column":44}}]},"1":{"loc":{"start":{"line":81,"column":18},"end":{"line":81,"column":39}},"type":"binary-expr","locations":[{"start":{"line":81,"column":18},"end":{"line":81,"column":39}},{"start":{"line":81,"column":43},"end":{"line":81,"column":44}}]},"2":{"loc":{"start":{"line":82,"column":22},"end":{"line":82,"column":49}},"type":"binary-expr","locations":[{"start":{"line":82,"column":22},"end":{"line":82,"column":49}},{"start":{"line":82,"column":53},"end":{"line":82,"column":54}}]},"3":{"loc":{"start":{"line":83,"column":23},"end":{"line":83,"column":51}},"type":"binary-expr","locations":[{"start":{"line":83,"column":23},"end":{"line":83,"column":51}},{"start":{"line":83,"column":55},"end":{"line":83,"column":56}}]},"4":{"loc":{"start":{"line":84,"column":12},"end":{"line":84,"column":39}},"type":"binary-expr","locations":[{"start":{"line":84,"column":12},"end":{"line":84,"column":39}},{"start":{"line":84,"column":43},"end":{"line":84,"column":44}}]},"5":{"loc":{"start":{"line":85,"column":12},"end":{"line":85,"column":40}},"type":"binary-expr","locations":[{"start":{"line":85,"column":12},"end":{"line":85,"column":40}},{"start":{"line":85,"column":44},"end":{"line":85,"column":45}}]},"6":{"loc":{"start":{"line":92,"column":2},"end":{"line":94,"column":null}},"type":"if","locations":[{"start":{"line":92,"column":2},"end":{"line":94,"column":null}},{"start":{"line":92,"column":2},"end":{"line":94,"column":null}}]},"7":{"loc":{"start":{"line":135,"column":4},"end":{"line":144,"column":11}},"type":"switch","locations":[{"start":{"line":135,"column":4},"end":{"line":144,"column":11}},{"start":{"line":145,"column":4},"end":{"line":153,"column":11}},{"start":{"line":155,"column":4},"end":{"line":163,"column":11}},{"start":{"line":165,"column":4},"end":{"line":189,"column":11}},{"start":{"line":191,"column":4},"end":{"line":196,"column":11}},{"start":{"line":197,"column":4},"end":{"line":205,"column":11}},{"start":{"line":206,"column":4},"end":{"line":221,"column":11}},{"start":{"line":222,"column":4},"end":{"line":231,"column":11}}]},"8":{"loc":{"start":{"line":138,"column":33},"end":{"line":138,"column":42}},"type":"cond-expr","locations":[{"start":{"line":138,"column":33},"end":{"line":138,"column":42}},{"start":{"line":138,"column":45},"end":{"line":138,"column":51}}]},"9":{"loc":{"start":{"line":146,"column":6},"end":{"line":148,"column":null}},"type":"if","locations":[{"start":{"line":146,"column":6},"end":{"line":148,"column":null}},{"start":{"line":146,"column":6},"end":{"line":148,"column":null}}]},"10":{"loc":{"start":{"line":156,"column":6},"end":{"line":158,"column":null}},"type":"if","locations":[{"start":{"line":156,"column":6},"end":{"line":158,"column":null}},{"start":{"line":156,"column":6},"end":{"line":158,"column":null}}]},"11":{"loc":{"start":{"line":166,"column":6},"end":{"line":168,"column":null}},"type":"if","locations":[{"start":{"line":166,"column":6},"end":{"line":168,"column":null}},{"start":{"line":166,"column":6},"end":{"line":168,"column":null}}]},"12":{"loc":{"start":{"line":166,"column":10},"end":{"line":166,"column":23}},"type":"binary-expr","locations":[{"start":{"line":166,"column":10},"end":{"line":166,"column":23}},{"start":{"line":166,"column":27},"end":{"line":166,"column":44}},{"start":{"line":166,"column":48},"end":{"line":166,"column":57}}]},"13":{"loc":{"start":{"line":169,"column":6},"end":{"line":171,"column":null}},"type":"if","locations":[{"start":{"line":169,"column":6},"end":{"line":171,"column":null}},{"start":{"line":169,"column":6},"end":{"line":171,"column":null}}]},"14":{"loc":{"start":{"line":172,"column":6},"end":{"line":181,"column":null}},"type":"if","locations":[{"start":{"line":172,"column":6},"end":{"line":181,"column":null}},{"start":{"line":172,"column":6},"end":{"line":181,"column":null}}]},"15":{"loc":{"start":{"line":172,"column":10},"end":{"line":172,"column":41}},"type":"binary-expr","locations":[{"start":{"line":172,"column":10},"end":{"line":172,"column":41}},{"start":{"line":172,"column":45},"end":{"line":172,"column":76}}]},"16":{"loc":{"start":{"line":175,"column":8},"end":{"line":180,"column":null}},"type":"if","locations":[{"start":{"line":175,"column":8},"end":{"line":180,"column":null}},{"start":{"line":175,"column":8},"end":{"line":180,"column":null}}]},"17":{"loc":{"start":{"line":182,"column":6},"end":{"line":186,"column":null}},"type":"if","locations":[{"start":{"line":182,"column":6},"end":{"line":186,"column":null}},{"start":{"line":182,"column":6},"end":{"line":186,"column":null}}]},"18":{"loc":{"start":{"line":182,"column":10},"end":{"line":182,"column":39}},"type":"binary-expr","locations":[{"start":{"line":182,"column":10},"end":{"line":182,"column":39}},{"start":{"line":182,"column":43},"end":{"line":182,"column":74}}]},"19":{"loc":{"start":{"line":192,"column":6},"end":{"line":195,"column":null}},"type":"if","locations":[{"start":{"line":192,"column":6},"end":{"line":195,"column":null}},{"start":{"line":192,"column":6},"end":{"line":195,"column":null}}]},"20":{"loc":{"start":{"line":192,"column":10},"end":{"line":192,"column":22}},"type":"binary-expr","locations":[{"start":{"line":192,"column":10},"end":{"line":192,"column":22}},{"start":{"line":192,"column":26},"end":{"line":192,"column":44}},{"start":{"line":192,"column":48},"end":{"line":192,"column":79}}]},"21":{"loc":{"start":{"line":198,"column":6},"end":{"line":204,"column":null}},"type":"if","locations":[{"start":{"line":198,"column":6},"end":{"line":204,"column":null}},{"start":{"line":198,"column":6},"end":{"line":204,"column":null}}]},"22":{"loc":{"start":{"line":198,"column":10},"end":{"line":198,"column":22}},"type":"binary-expr","locations":[{"start":{"line":198,"column":10},"end":{"line":198,"column":22}},{"start":{"line":198,"column":26},"end":{"line":198,"column":57}},{"start":{"line":198,"column":61},"end":{"line":198,"column":94}}]},"23":{"loc":{"start":{"line":200,"column":8},"end":{"line":202,"column":null}},"type":"if","locations":[{"start":{"line":200,"column":8},"end":{"line":202,"column":null}},{"start":{"line":200,"column":8},"end":{"line":202,"column":null}}]},"24":{"loc":{"start":{"line":200,"column":12},"end":{"line":200,"column":43}},"type":"binary-expr","locations":[{"start":{"line":200,"column":12},"end":{"line":200,"column":43}},{"start":{"line":200,"column":47},"end":{"line":200,"column":64}},{"start":{"line":200,"column":68},"end":{"line":200,"column":124}}]},"25":{"loc":{"start":{"line":207,"column":6},"end":{"line":220,"column":null}},"type":"if","locations":[{"start":{"line":207,"column":6},"end":{"line":220,"column":null}},{"start":{"line":207,"column":6},"end":{"line":220,"column":null}}]},"26":{"loc":{"start":{"line":207,"column":10},"end":{"line":207,"column":22}},"type":"binary-expr","locations":[{"start":{"line":207,"column":10},"end":{"line":207,"column":22}},{"start":{"line":207,"column":26},"end":{"line":207,"column":44}},{"start":{"line":207,"column":48},"end":{"line":207,"column":79}}]},"27":{"loc":{"start":{"line":209,"column":8},"end":{"line":211,"column":null}},"type":"if","locations":[{"start":{"line":209,"column":8},"end":{"line":211,"column":null}},{"start":{"line":209,"column":8},"end":{"line":211,"column":null}}]},"28":{"loc":{"start":{"line":209,"column":12},"end":{"line":209,"column":43}},"type":"binary-expr","locations":[{"start":{"line":209,"column":12},"end":{"line":209,"column":43}},{"start":{"line":209,"column":47},"end":{"line":209,"column":78}}]},"29":{"loc":{"start":{"line":212,"column":8},"end":{"line":214,"column":null}},"type":"if","locations":[{"start":{"line":212,"column":8},"end":{"line":214,"column":null}},{"start":{"line":212,"column":8},"end":{"line":214,"column":null}}]},"30":{"loc":{"start":{"line":212,"column":12},"end":{"line":212,"column":43}},"type":"binary-expr","locations":[{"start":{"line":212,"column":12},"end":{"line":212,"column":43}},{"start":{"line":212,"column":47},"end":{"line":212,"column":79}}]},"31":{"loc":{"start":{"line":215,"column":8},"end":{"line":217,"column":null}},"type":"if","locations":[{"start":{"line":215,"column":8},"end":{"line":217,"column":null}},{"start":{"line":215,"column":8},"end":{"line":217,"column":null}}]},"32":{"loc":{"start":{"line":215,"column":12},"end":{"line":215,"column":40}},"type":"binary-expr","locations":[{"start":{"line":215,"column":12},"end":{"line":215,"column":40}},{"start":{"line":215,"column":44},"end":{"line":215,"column":75}}]},"33":{"loc":{"start":{"line":224,"column":6},"end":{"line":226,"column":null}},"type":"if","locations":[{"start":{"line":224,"column":6},"end":{"line":226,"column":null}},{"start":{"line":224,"column":6},"end":{"line":226,"column":null}}]},"34":{"loc":{"start":{"line":224,"column":10},"end":{"line":224,"column":23}},"type":"binary-expr","locations":[{"start":{"line":224,"column":10},"end":{"line":224,"column":23}},{"start":{"line":224,"column":27},"end":{"line":224,"column":43}},{"start":{"line":224,"column":47},"end":{"line":224,"column":82}}]},"35":{"loc":{"start":{"line":242,"column":4},"end":{"line":242,"column":11}},"type":"binary-expr","locations":[{"start":{"line":242,"column":4},"end":{"line":242,"column":11}},{"start":{"line":242,"column":15},"end":{"line":294,"column":12}}]},"36":{"loc":{"start":{"line":247,"column":48},"end":{"line":247,"column":50}},"type":"cond-expr","locations":[{"start":{"line":247,"column":48},"end":{"line":247,"column":50}},{"start":{"line":247,"column":53},"end":{"line":247,"column":54}}]},"37":{"loc":{"start":{"line":257,"column":20},"end":{"line":257,"column":41}},"type":"binary-expr","locations":[{"start":{"line":257,"column":20},"end":{"line":257,"column":41}},{"start":{"line":257,"column":45},"end":{"line":277,"column":null}}]},"38":{"loc":{"start":{"line":259,"column":18},"end":{"line":259,"column":33}},"type":"binary-expr","locations":[{"start":{"line":259,"column":18},"end":{"line":259,"column":33}},{"start":{"line":259,"column":37},"end":{"line":276,"column":null}}]},"39":{"loc":{"start":{"line":280,"column":47},"end":{"line":293,"column":8}},"type":"cond-expr","locations":[{"start":{"line":280,"column":47},"end":{"line":293,"column":8}},{"start":{"line":293,"column":11},"end":{"line":293,"column":15}}]},"40":{"loc":{"start":{"line":303,"column":4},"end":{"line":309,"column":null}},"type":"if","locations":[{"start":{"line":303,"column":4},"end":{"line":309,"column":null}},{"start":{"line":303,"column":4},"end":{"line":309,"column":null}}]},"41":{"loc":{"start":{"line":305,"column":6},"end":{"line":305,"column":19}},"type":"binary-expr","locations":[{"start":{"line":305,"column":6},"end":{"line":305,"column":19}},{"start":{"line":305,"column":23},"end":{"line":308,"column":8}}]},"42":{"loc":{"start":{"line":313,"column":4},"end":{"line":313,"column":41}},"type":"binary-expr","locations":[{"start":{"line":313,"column":4},"end":{"line":313,"column":41}},{"start":{"line":314,"column":6},"end":{"line":314,"column":59}}]}},"s":{"0":1,"1":1,"2":1,"3":1,"4":1,"5":1,"6":1,"7":1,"8":1,"9":1,"10":0,"11":0,"12":1,"13":0,"14":0,"15":0,"16":0,"17":0,"18":0,"19":0,"20":1,"21":0,"22":0,"23":0,"24":0,"25":0,"26":1,"27":0,"28":1,"29":0,"30":1,"31":0,"32":4,"33":4,"34":4,"35":4,"36":4,"37":4,"38":4,"39":4,"40":4,"41":4,"42":4,"43":4,"44":0,"45":0,"46":0,"47":0,"48":0,"49":0,"50":2,"51":0,"52":2,"53":2,"54":0,"55":0,"56":0,"57":0,"58":0,"59":0,"60":0,"61":0,"62":0,"63":0,"64":0,"65":0,"66":0,"67":0,"68":0,"69":0,"70":0,"71":0,"72":0,"73":0,"74":0,"75":0,"76":0,"77":0,"78":0,"79":0,"80":0,"81":0,"82":0,"83":0,"84":0,"85":0,"86":0,"87":0,"88":0,"89":0,"90":0,"91":0,"92":2,"93":2,"94":1,"95":2,"96":2,"97":4,"98":1,"99":6,"100":6,"101":6,"102":6,"103":6,"104":6,"105":6,"106":6,"107":6,"108":6,"109":4,"110":4,"111":2,"112":0,"113":0,"114":6,"115":6,"116":2,"117":6,"118":4,"119":2,"120":2,"121":6,"122":2,"123":6,"124":0,"125":6,"126":0,"127":6,"128":0,"129":6,"130":1},"f":{"0":0,"1":0,"2":0,"3":0,"4":0,"5":0,"6":4,"7":6,"8":6,"9":4,"10":4,"11":2,"12":0,"13":2,"14":4,"15":2,"16":0,"17":0,"18":0},"b":{"0":[0,0],"1":[0,0],"2":[0,0],"3":[0,0],"4":[0,0],"5":[0,0],"6":[0,0],"7":[0,0,2,0,0,0,0,2],"8":[0,0],"9":[0,0],"10":[0,2],"11":[0,0],"12":[0,0,0],"13":[0,0],"14":[0,0],"15":[0,0],"16":[0,0],"17":[0,0],"18":[0,0],"19":[0,0],"20":[0,0,0],"21":[0,0],"22":[0,0,0],"23":[0,0],"24":[0,0,0],"25":[0,0],"26":[0,0,0],"27":[0,0],"28":[0,0],"29":[0,0],"30":[0,0],"31":[0,0],"32":[0,0],"33":[1,1],"34":[2,1,1],"35":[6,4],"36":[2,2],"37":[4,0],"38":[0,0],"39":[2,2],"40":[2,2],"41":[2,1],"42":[2,0]}}
}
