TN:
SF:/Users/aote/Desktop/react-echarts-draw-mark/src/index.tsx
FN:12,reducer
FN:131,(anonymous_6)
FN:133,(anonymous_7)
FN:138,(anonymous_8)
FN:146,(anonymous_9)
FN:149,(anonymous_10)
FN:153,(anonymous_11)
FN:186,(anonymous_12)
FN:193,(anonymous_13)
FN:205,(anonymous_14)
FN:217,(anonymous_15)
FN:221,(anonymous_16)
FN:225,(anonymous_17)
FNF:13
FNH:12
FNDA:35,reducer
FNDA:31,(anonymous_6)
FNDA:8,(anonymous_7)
FNDA:8,(anonymous_8)
FNDA:31,(anonymous_9)
FNDA:20,(anonymous_10)
FNDA:28,(anonymous_11)
FNDA:23,(anonymous_12)
FNDA:0,(anonymous_13)
FNDA:16,(anonymous_14)
FNDA:14,(anonymous_15)
FNDA:4,(anonymous_16)
FNDA:1,(anonymous_17)
DA:1,1
DA:2,1
DA:3,1
DA:4,1
DA:7,1
DA:9,1
DA:27,35
DA:28,35
DA:29,35
DA:30,35
DA:32,4
DA:40,4
DA:42,1
DA:43,0
DA:45,1
DA:49,1
DA:52,8
DA:53,0
DA:55,8
DA:59,8
DA:61,11
DA:62,0
DA:64,11
DA:65,3
DA:67,11
DA:68,1
DA:69,1
DA:70,1
DA:71,1
DA:74,1
DA:77,10
DA:78,1
DA:79,1
DA:80,1
DA:82,9
DA:83,9
DA:84,9
DA:87,0
DA:88,0
DA:89,0
DA:91,0
DA:93,0
DA:94,0
DA:95,0
DA:96,0
DA:98,0
DA:100,0
DA:102,3
DA:103,2
DA:104,2
DA:105,0
DA:107,2
DA:108,1
DA:110,1
DA:111,0
DA:113,1
DA:114,1
DA:116,2
DA:118,8
DA:119,8
DA:120,7
DA:122,8
DA:126,8
DA:128,35
DA:131,62
DA:133,31
DA:134,8
DA:138,31
DA:139,8
DA:142,31
DA:143,31
DA:145,31
DA:146,31
DA:147,31
DA:150,20
DA:154,28
DA:187,23
DA:194,0
DA:195,0
DA:201,31
DA:204,31
DA:205,31
DA:206,16
DA:207,8
DA:208,8
DA:217,31
DA:218,14
DA:221,31
DA:222,4
DA:225,31
DA:226,1
DA:229,31
DA:243,1
LF:93
LH:76
BRDA:31,0,0,4
BRDA:31,0,1,1
BRDA:31,0,2,8
BRDA:31,0,3,11
BRDA:31,0,4,0
BRDA:31,0,5,0
BRDA:31,0,6,3
BRDA:31,0,7,8
BRDA:34,1,0,4
BRDA:34,1,1,0
BRDA:42,2,0,0
BRDA:42,2,1,1
BRDA:52,3,0,0
BRDA:52,3,1,8
BRDA:61,4,0,0
BRDA:61,4,1,11
BRDA:61,5,0,11
BRDA:61,5,1,11
BRDA:61,5,2,11
BRDA:64,6,0,3
BRDA:64,6,1,8
BRDA:67,7,0,1
BRDA:67,7,1,10
BRDA:67,8,0,11
BRDA:67,8,1,6
BRDA:70,9,0,1
BRDA:70,9,1,0
BRDA:77,10,0,1
BRDA:77,10,1,9
BRDA:77,11,0,10
BRDA:77,11,1,2
BRDA:87,12,0,0
BRDA:87,12,1,0
BRDA:87,13,0,0
BRDA:87,13,1,0
BRDA:87,13,2,0
BRDA:93,14,0,0
BRDA:93,14,1,0
BRDA:93,15,0,0
BRDA:93,15,1,0
BRDA:93,15,2,0
BRDA:95,16,0,0
BRDA:95,16,1,0
BRDA:95,17,0,0
BRDA:95,17,1,0
BRDA:95,17,2,0
BRDA:102,18,0,2
BRDA:102,18,1,1
BRDA:102,19,0,3
BRDA:102,19,1,3
BRDA:102,19,2,2
BRDA:104,20,0,0
BRDA:104,20,1,2
BRDA:104,21,0,2
BRDA:104,21,1,1
BRDA:107,22,0,1
BRDA:107,22,1,1
BRDA:107,23,0,2
BRDA:107,23,1,1
BRDA:110,24,0,0
BRDA:110,24,1,1
BRDA:110,25,0,1
BRDA:110,25,1,1
BRDA:119,26,0,7
BRDA:119,26,1,1
BRDA:119,27,0,8
BRDA:119,27,1,2
BRDA:119,27,2,2
BRDA:131,28,0,31
BRDA:131,28,1,0
BRDA:134,29,0,8
BRDA:134,29,1,0
BRDA:147,30,0,31
BRDA:147,30,1,23
BRDA:152,31,0,16
BRDA:152,31,1,4
BRDA:162,32,0,20
BRDA:162,32,1,3
BRDA:164,33,0,3
BRDA:164,33,1,2
BRDA:186,34,0,16
BRDA:186,34,1,7
BRDA:206,35,0,8
BRDA:206,35,1,8
BRDA:208,36,0,8
BRDA:208,36,1,6
BRF:86
BRH:60
end_of_record
TN:
SF:/Users/aote/Desktop/react-echarts-draw-mark/src/utils.ts
FN:36,(anonymous_1)
FN:42,(anonymous_2)
FN:52,(anonymous_3)
FN:61,(anonymous_4)
FN:65,(anonymous_5)
FN:69,(anonymous_6)
FNF:6
FNH:6
FNDA:1,(anonymous_1)
FNDA:14,(anonymous_2)
FNDA:1,(anonymous_3)
FNDA:1,(anonymous_4)
FNDA:1,(anonymous_5)
FNDA:4,(anonymous_6)
DA:1,1
DA:4,1
DA:36,1
DA:37,1
DA:38,1
DA:42,1
DA:43,14
DA:44,14
DA:45,14
DA:46,14
DA:47,14
DA:48,14
DA:49,14
DA:52,1
DA:53,1
DA:54,1
DA:55,1
DA:56,0
DA:58,1
DA:61,1
DA:62,1
DA:65,1
DA:66,1
DA:69,1
DA:70,4
LF:25
LH:24
BRDA:43,0,0,14
BRDA:43,0,1,14
BRDA:44,1,0,14
BRDA:44,1,1,14
BRDA:45,2,0,14
BRDA:45,2,1,14
BRDA:46,3,0,14
BRDA:46,3,1,14
BRDA:47,4,0,14
BRDA:47,4,1,14
BRDA:48,5,0,14
BRDA:48,5,1,14
BRDA:55,6,0,0
BRDA:55,6,1,1
BRF:14
BRH:13
end_of_record
