TN:
SF:/Users/aote/Desktop/react-echarts-draw-mark/src/index.tsx
FN:74,(anonymous_5)
FN:79,(anonymous_6)
FN:89,(anonymous_7)
FN:98,(anonymous_8)
FN:102,(anonymous_9)
FN:106,(anonymous_10)
FN:116,reducer
FN:236,(anonymous_12)
FN:241,(anonymous_13)
FN:244,(anonymous_14)
FN:248,(anonymous_15)
FN:281,(anonymous_16)
FN:288,(anonymous_17)
FN:299,(anonymous_18)
FN:303,(anonymous_19)
FN:313,(anonymous_20)
FN:318,(anonymous_21)
FN:322,(anonymous_22)
FN:326,(anonymous_23)
FNF:19
FNH:18
FNDA:1,(anonymous_5)
FNDA:11,(anonymous_6)
FNDA:1,(anonymous_7)
FNDA:1,(anonymous_8)
FNDA:1,(anonymous_9)
FNDA:4,(anonymous_10)
FNDA:32,reducer
FNDA:30,(anonymous_12)
FNDA:30,(anonymous_13)
FNDA:19,(anonymous_14)
FNDA:25,(anonymous_15)
FNDA:20,(anonymous_16)
FNDA:0,(anonymous_17)
FNDA:8,(anonymous_18)
FNDA:16,(anonymous_19)
FNDA:8,(anonymous_20)
FNDA:11,(anonymous_21)
FNDA:4,(anonymous_22)
FNDA:1,(anonymous_23)
DA:1,1
DA:2,1
DA:3,1
DA:4,1
DA:5,1
DA:6,1
DA:7,1
DA:8,1
DA:42,1
DA:74,1
DA:75,1
DA:76,1
DA:79,1
DA:80,11
DA:81,11
DA:82,11
DA:83,11
DA:84,11
DA:85,11
DA:86,11
DA:89,1
DA:90,1
DA:91,1
DA:92,1
DA:93,0
DA:95,1
DA:98,1
DA:99,1
DA:102,1
DA:103,1
DA:106,1
DA:107,4
DA:131,32
DA:132,32
DA:133,32
DA:134,32
DA:136,4
DA:144,4
DA:146,1
DA:147,0
DA:149,1
DA:153,1
DA:156,8
DA:157,0
DA:159,8
DA:163,8
DA:166,9
DA:167,1
DA:169,8
DA:170,3
DA:172,8
DA:173,1
DA:174,1
DA:175,1
DA:176,1
DA:179,1
DA:182,7
DA:183,1
DA:184,1
DA:185,1
DA:187,6
DA:188,6
DA:189,6
DA:192,0
DA:193,0
DA:194,0
DA:196,0
DA:198,0
DA:199,0
DA:200,0
DA:201,0
DA:203,0
DA:205,0
DA:207,2
DA:208,1
DA:209,1
DA:210,0
DA:212,1
DA:213,0
DA:215,1
DA:216,0
DA:218,1
DA:219,1
DA:221,2
DA:223,8
DA:224,8
DA:225,7
DA:227,8
DA:231,8
DA:233,32
DA:236,1
DA:237,30
DA:238,30
DA:239,30
DA:240,30
DA:241,30
DA:242,30
DA:245,19
DA:249,25
DA:282,20
DA:289,0
DA:290,0
DA:296,30
DA:299,30
DA:300,8
DA:303,30
DA:304,16
DA:305,8
DA:306,8
DA:313,30
DA:314,8
DA:318,30
DA:319,11
DA:322,30
DA:323,4
DA:326,30
DA:327,1
DA:330,30
DA:345,1
LF:119
LH:101
BRDA:80,0,0,11
BRDA:80,0,1,11
BRDA:81,1,0,11
BRDA:81,1,1,11
BRDA:82,2,0,11
BRDA:82,2,1,11
BRDA:83,3,0,11
BRDA:83,3,1,11
BRDA:84,4,0,11
BRDA:84,4,1,11
BRDA:85,5,0,11
BRDA:85,5,1,11
BRDA:92,6,0,0
BRDA:92,6,1,1
BRDA:135,7,0,4
BRDA:135,7,1,1
BRDA:135,7,2,8
BRDA:135,7,3,9
BRDA:135,7,4,0
BRDA:135,7,5,0
BRDA:135,7,6,2
BRDA:135,7,7,8
BRDA:138,8,0,4
BRDA:138,8,1,0
BRDA:146,9,0,0
BRDA:146,9,1,1
BRDA:156,10,0,0
BRDA:156,10,1,8
BRDA:166,11,0,1
BRDA:166,11,1,8
BRDA:166,12,0,9
BRDA:166,12,1,9
BRDA:166,12,2,8
BRDA:169,13,0,3
BRDA:169,13,1,5
BRDA:172,14,0,1
BRDA:172,14,1,7
BRDA:172,15,0,8
BRDA:172,15,1,3
BRDA:175,16,0,1
BRDA:175,16,1,0
BRDA:182,17,0,1
BRDA:182,17,1,6
BRDA:182,18,0,7
BRDA:182,18,1,2
BRDA:192,19,0,0
BRDA:192,19,1,0
BRDA:192,20,0,0
BRDA:192,20,1,0
BRDA:192,20,2,0
BRDA:198,21,0,0
BRDA:198,21,1,0
BRDA:198,22,0,0
BRDA:198,22,1,0
BRDA:198,22,2,0
BRDA:200,23,0,0
BRDA:200,23,1,0
BRDA:200,24,0,0
BRDA:200,24,1,0
BRDA:200,24,2,0
BRDA:207,25,0,1
BRDA:207,25,1,1
BRDA:207,26,0,2
BRDA:207,26,1,2
BRDA:207,26,2,1
BRDA:209,27,0,0
BRDA:209,27,1,1
BRDA:209,28,0,1
BRDA:209,28,1,0
BRDA:212,29,0,0
BRDA:212,29,1,1
BRDA:212,30,0,1
BRDA:212,30,1,0
BRDA:215,31,0,0
BRDA:215,31,1,1
BRDA:215,32,0,1
BRDA:215,32,1,1
BRDA:224,33,0,7
BRDA:224,33,1,1
BRDA:224,34,0,8
BRDA:224,34,1,2
BRDA:224,34,2,2
BRDA:242,35,0,30
BRDA:242,35,1,22
BRDA:247,36,0,15
BRDA:247,36,1,4
BRDA:257,37,0,19
BRDA:257,37,1,3
BRDA:259,38,0,3
BRDA:259,38,1,2
BRDA:281,39,0,15
BRDA:281,39,1,7
BRDA:304,40,0,8
BRDA:304,40,1,8
BRDA:306,41,0,8
BRDA:306,41,1,6
BRDA:314,42,0,8
BRDA:314,42,1,0
BRF:98
BRH:70
end_of_record
